[0.017s] Invoking command in '/home/kunal-jazzy/ROS2_Vision/build/rover_bringup': CMAKE_PREFIX_PATH=${CMAKE_PREFIX_PATH}:/home/kunal-jazzy/ROS2_Vision/install/rover_control:/home/kunal-jazzy/vision_autonomous_rover/install/rover_control:/opt/ros/jazzy DEBUGINFOD_URLS=https://debuginfod.ubuntu.com /usr/bin/cmake --build /home/kunal-jazzy/ROS2_Vision/build/rover_bringup -- -j12 -l12
[0.188s] Invoked command in '/home/kunal-jazzy/ROS2_Vision/build/rover_bringup' returned '0': CMAKE_PREFIX_PATH=${CMAKE_PREFIX_PATH}:/home/kunal-jazzy/ROS2_Vision/install/rover_control:/home/kunal-jazzy/vision_autonomous_rover/install/rover_control:/opt/ros/jazzy DEBUGINFOD_URLS=https://debuginfod.ubuntu.com /usr/bin/cmake --build /home/kunal-jazzy/ROS2_Vision/build/rover_bringup -- -j12 -l12
[0.196s] Invoking command in '/home/kunal-jazzy/ROS2_Vision/build/rover_bringup': CMAKE_PREFIX_PATH=${CMAKE_PREFIX_PATH}:/home/kunal-jazzy/ROS2_Vision/install/rover_control:/home/kunal-jazzy/vision_autonomous_rover/install/rover_control:/opt/ros/jazzy DEBUGINFOD_URLS=https://debuginfod.ubuntu.com /usr/bin/cmake --install /home/kunal-jazzy/ROS2_Vision/build/rover_bringup
[0.202s] -- Install configuration: ""
[0.202s] -- Up-to-date: /home/kunal-jazzy/ROS2_Vision/install/rover_bringup/share/rover_bringup//launch
[0.202s] -- Up-to-date: /home/kunal-jazzy/ROS2_Vision/install/rover_bringup/share/rover_bringup//launch/rover.launch.xml
[0.202s] -- Up-to-date: /home/kunal-jazzy/ROS2_Vision/install/rover_bringup/share/rover_bringup//config
[0.202s] -- Up-to-date: /home/kunal-jazzy/ROS2_Vision/install/rover_bringup/share/ament_index/resource_index/package_run_dependencies/rover_bringup
[0.202s] -- Up-to-date: /home/kunal-jazzy/ROS2_Vision/install/rover_bringup/share/ament_index/resource_index/parent_prefix_path/rover_bringup
[0.202s] -- Up-to-date: /home/kunal-jazzy/ROS2_Vision/install/rover_bringup/share/rover_bringup/environment/ament_prefix_path.sh
[0.202s] -- Up-to-date: /home/kunal-jazzy/ROS2_Vision/install/rover_bringup/share/rover_bringup/environment/ament_prefix_path.dsv
[0.202s] -- Up-to-date: /home/kunal-jazzy/ROS2_Vision/install/rover_bringup/share/rover_bringup/environment/path.sh
[0.202s] -- Up-to-date: /home/kunal-jazzy/ROS2_Vision/install/rover_bringup/share/rover_bringup/environment/path.dsv
[0.202s] -- Up-to-date: /home/kunal-jazzy/ROS2_Vision/install/rover_bringup/share/rover_bringup/local_setup.bash
[0.202s] -- Up-to-date: /home/kunal-jazzy/ROS2_Vision/install/rover_bringup/share/rover_bringup/local_setup.sh
[0.203s] -- Up-to-date: /home/kunal-jazzy/ROS2_Vision/install/rover_bringup/share/rover_bringup/local_setup.zsh
[0.203s] -- Up-to-date: /home/kunal-jazzy/ROS2_Vision/install/rover_bringup/share/rover_bringup/local_setup.dsv
[0.203s] -- Installing: /home/kunal-jazzy/ROS2_Vision/install/rover_bringup/share/rover_bringup/package.dsv
[0.203s] -- Up-to-date: /home/kunal-jazzy/ROS2_Vision/install/rover_bringup/share/ament_index/resource_index/packages/rover_bringup
[0.203s] -- Up-to-date: /home/kunal-jazzy/ROS2_Vision/install/rover_bringup/share/rover_bringup/cmake/rover_bringupConfig.cmake
[0.203s] -- Up-to-date: /home/kunal-jazzy/ROS2_Vision/install/rover_bringup/share/rover_bringup/cmake/rover_bringupConfig-version.cmake
[0.203s] -- Up-to-date: /home/kunal-jazzy/ROS2_Vision/install/rover_bringup/share/rover_bringup/package.xml
[0.204s] Invoked command in '/home/kunal-jazzy/ROS2_Vision/build/rover_bringup' returned '0': CMAKE_PREFIX_PATH=${CMAKE_PREFIX_PATH}:/home/kunal-jazzy/ROS2_Vision/install/rover_control:/home/kunal-jazzy/vision_autonomous_rover/install/rover_control:/opt/ros/jazzy DEBUGINFOD_URLS=https://debuginfod.ubuntu.com /usr/bin/cmake --install /home/kunal-jazzy/ROS2_Vision/build/rover_bringup
