[0.946s] Invoking command in '/home/kunal-jazzy/ROS2_Vision/src/rover_control': DEBUGINFOD_URLS=https://debuginfod.ubuntu.com PYTHONPATH=/home/kunal-jazzy/ROS2_Vision/src/build/rover_control/prefix_override:/usr/lib/python3/dist-packages/colcon_core/task/python/colcon_distutils_commands:/home/kunal-jazzy/ROS2_Vision/src/install/rover_control/lib/python3.12/site-packages:${PYTHONPATH} /usr/bin/python3 -W ignore:setup.py install is deprecated -W ignore:easy_install command is deprecated setup.py egg_info --egg-base ../build/rover_control build --build-base /home/kunal-jazzy/ROS2_Vision/src/build/rover_control/build install --record /home/kunal-jazzy/ROS2_Vision/src/build/rover_control/install.log --single-version-externally-managed install_data
[1.256s] running egg_info
[1.256s] creating ../build/rover_control/rover_control.egg-info
[1.278s] writing ../build/rover_control/rover_control.egg-info/PKG-INFO
[1.278s] writing dependency_links to ../build/rover_control/rover_control.egg-info/dependency_links.txt
[1.279s] writing requirements to ../build/rover_control/rover_control.egg-info/requires.txt
[1.279s] writing top-level names to ../build/rover_control/rover_control.egg-info/top_level.txt
[1.279s] writing manifest file '../build/rover_control/rover_control.egg-info/SOURCES.txt'
[1.328s] reading manifest file '../build/rover_control/rover_control.egg-info/SOURCES.txt'
[1.329s] writing manifest file '../build/rover_control/rover_control.egg-info/SOURCES.txt'
[1.329s] running build
[1.329s] running build_py
[1.329s] creating /home/kunal-jazzy/ROS2_Vision/src/build/rover_control/build
[1.329s] creating /home/kunal-jazzy/ROS2_Vision/src/build/rover_control/build/lib
[1.330s] creating /home/kunal-jazzy/ROS2_Vision/src/build/rover_control/build/lib/rover_control
[1.330s] copying rover_control/__init__.py -> /home/kunal-jazzy/ROS2_Vision/src/build/rover_control/build/lib/rover_control
[1.330s] running install
[1.338s] running install_lib
[1.359s] creating /home/kunal-jazzy/ROS2_Vision/src/install/rover_control/lib/python3.12/site-packages/rover_control
[1.359s] copying /home/kunal-jazzy/ROS2_Vision/src/build/rover_control/build/lib/rover_control/__init__.py -> /home/kunal-jazzy/ROS2_Vision/src/install/rover_control/lib/python3.12/site-packages/rover_control
[1.360s] byte-compiling /home/kunal-jazzy/ROS2_Vision/src/install/rover_control/lib/python3.12/site-packages/rover_control/__init__.py to __init__.cpython-312.pyc
[1.360s] running install_data
[1.360s] creating /home/kunal-jazzy/ROS2_Vision/src/install/rover_control/share/ament_index
[1.361s] creating /home/kunal-jazzy/ROS2_Vision/src/install/rover_control/share/ament_index/resource_index
[1.361s] creating /home/kunal-jazzy/ROS2_Vision/src/install/rover_control/share/ament_index/resource_index/packages
[1.361s] copying resource/rover_control -> /home/kunal-jazzy/ROS2_Vision/src/install/rover_control/share/ament_index/resource_index/packages
[1.361s] copying package.xml -> /home/kunal-jazzy/ROS2_Vision/src/install/rover_control/share/rover_control
[1.361s] running install_egg_info
[1.383s] Copying ../build/rover_control/rover_control.egg-info to /home/kunal-jazzy/ROS2_Vision/src/install/rover_control/lib/python3.12/site-packages/rover_control-0.0.0-py3.12.egg-info
[1.384s] running install_scripts
[1.533s] writing list of installed files to '/home/kunal-jazzy/ROS2_Vision/src/build/rover_control/install.log'
[1.568s] Invoked command in '/home/kunal-jazzy/ROS2_Vision/src/rover_control' returned '0': DEBUGINFOD_URLS=https://debuginfod.ubuntu.com PYTHONPATH=/home/kunal-jazzy/ROS2_Vision/src/build/rover_control/prefix_override:/usr/lib/python3/dist-packages/colcon_core/task/python/colcon_distutils_commands:/home/kunal-jazzy/ROS2_Vision/src/install/rover_control/lib/python3.12/site-packages:${PYTHONPATH} /usr/bin/python3 -W ignore:setup.py install is deprecated -W ignore:easy_install command is deprecated setup.py egg_info --egg-base ../build/rover_control build --build-base /home/kunal-jazzy/ROS2_Vision/src/build/rover_control/build install --record /home/kunal-jazzy/ROS2_Vision/src/build/rover_control/install.log --single-version-externally-managed install_data
