-- Install configuration: ""
-- Execute custom install script
-- Up-to-date symlink: /home/kunal-jazzy/ROS2_Vision/install/rover_description/share/rover_description/robot/parts/base/base.urdf.xacro
-- Up-to-date symlink: /home/kunal-jazzy/ROS2_Vision/install/rover_description/share/rover_description/robot/parts/camera/camera.urdf.xacro
-- Up-to-date symlink: /home/kunal-jazzy/ROS2_Vision/install/rover_description/share/rover_description/robot/parts/wheel/wheel.urdf.xacro
-- Up-to-date symlink: /home/kunal-jazzy/ROS2_Vision/install/rover_description/share/rover_description/robot/rover_main.urdf.xacro
-- Up-to-date symlink: /home/kunal-jazzy/ROS2_Vision/install/rover_description/share/rover_description/meshes/STL/base/main_frame.stl
-- Up-to-date symlink: /home/kunal-jazzy/ROS2_Vision/install/rover_description/share/rover_description/meshes/STL/camera/camera.stl
-- Up-to-date symlink: /home/kunal-jazzy/ROS2_Vision/install/rover_description/share/rover_description/meshes/STL/wheel/wheel_left.stl
-- Up-to-date symlink: /home/kunal-jazzy/ROS2_Vision/install/rover_description/share/rover_description/meshes/STL/wheel/wheel_right.stl
-- Up-to-date symlink: /home/kunal-jazzy/ROS2_Vision/install/rover_description/share/rover_description/launch/display.launch.xml
-- Up-to-date symlink: /home/kunal-jazzy/ROS2_Vision/install/rover_description/share/ament_index/resource_index/package_run_dependencies/rover_description
-- Up-to-date symlink: /home/kunal-jazzy/ROS2_Vision/install/rover_description/share/ament_index/resource_index/parent_prefix_path/rover_description
-- Up-to-date symlink: /home/kunal-jazzy/ROS2_Vision/install/rover_description/share/rover_description/environment/ament_prefix_path.sh
-- Up-to-date symlink: /home/kunal-jazzy/ROS2_Vision/install/rover_description/share/rover_description/environment/ament_prefix_path.dsv
-- Up-to-date symlink: /home/kunal-jazzy/ROS2_Vision/install/rover_description/share/rover_description/environment/path.sh
-- Up-to-date symlink: /home/kunal-jazzy/ROS2_Vision/install/rover_description/share/rover_description/environment/path.dsv
-- Up-to-date symlink: /home/kunal-jazzy/ROS2_Vision/install/rover_description/share/rover_description/local_setup.bash
-- Up-to-date symlink: /home/kunal-jazzy/ROS2_Vision/install/rover_description/share/rover_description/local_setup.sh
-- Up-to-date symlink: /home/kunal-jazzy/ROS2_Vision/install/rover_description/share/rover_description/local_setup.zsh
-- Up-to-date symlink: /home/kunal-jazzy/ROS2_Vision/install/rover_description/share/rover_description/local_setup.dsv
-- Symlinking: /home/kunal-jazzy/ROS2_Vision/install/rover_description/share/rover_description/package.dsv
-- Up-to-date symlink: /home/kunal-jazzy/ROS2_Vision/install/rover_description/share/ament_index/resource_index/packages/rover_description
-- Up-to-date symlink: /home/kunal-jazzy/ROS2_Vision/install/rover_description/share/rover_description/cmake/rover_descriptionConfig.cmake
-- Up-to-date symlink: /home/kunal-jazzy/ROS2_Vision/install/rover_description/share/rover_description/cmake/rover_descriptionConfig-version.cmake
-- Up-to-date symlink: /home/kunal-jazzy/ROS2_Vision/install/rover_description/share/rover_description/package.xml
