[0.168s] Invoking command in '/home/kunal-jazzy/ROS2_Vision/build/rover_description': CMAKE_PREFIX_PATH=${CMAKE_PREFIX_PATH}:/home/kunal-jazzy/ROS2_Vision/install/rover_control:/home/kunal-jazzy/vision_autonomous_rover/install/rover_control:/opt/ros/jazzy DEBUGINFOD_URLS=https://debuginfod.ubuntu.com /usr/bin/cmake --build /home/kunal-jazzy/ROS2_Vision/build/rover_description -- -j12 -l12
[0.195s] -- Found ament_cmake: 2.5.4 (/opt/ros/jazzy/share/ament_cmake/cmake)
[0.371s] -- Override CMake install command with custom implementation using symlinks instead of copying resources
[0.383s] -- Found xacro: 2.1.1 (/opt/ros/jazzy/share/xacro/cmake)
[0.383s] -- Found robot_state_publisher: 3.3.3 (/opt/ros/jazzy/share/robot_state_publisher/cmake)
[0.415s] -- Found rosidl_generator_c: 4.6.6 (/opt/ros/jazzy/share/rosidl_generator_c/cmake)
[0.422s] -- Found rosidl_generator_cpp: 4.6.6 (/opt/ros/jazzy/share/rosidl_generator_cpp/cmake)
[0.433s] -- Using all available rosidl_typesupport_c: rosidl_typesupport_fastrtps_c;rosidl_typesupport_introspection_c
[0.444s] -- Using all available rosidl_typesupport_cpp: rosidl_typesupport_fastrtps_cpp;rosidl_typesupport_introspection_cpp
[0.503s] -- Found rmw_implementation_cmake: 7.3.2 (/opt/ros/jazzy/share/rmw_implementation_cmake/cmake)
[0.504s] -- Found rmw_fastrtps_cpp: 8.4.3 (/opt/ros/jazzy/share/rmw_fastrtps_cpp/cmake)
[0.566s] -- Using RMW implementation 'rmw_fastrtps_cpp' as default
[0.773s] -- Found ament_lint_auto: 0.17.3 (/opt/ros/jazzy/share/ament_lint_auto/cmake)
[0.850s] -- Added test 'copyright' to check source files copyright and LICENSE
[0.852s] -- Added test 'lint_cmake' to check CMake code style
[0.853s] -- Added test 'xmllint' to check XML markup files
[0.854s] -- Configuring done (0.7s)
[0.858s] -- Generating done (0.0s)
[0.860s] -- Build files have been written to: /home/kunal-jazzy/ROS2_Vision/build/rover_description
[0.886s] Invoked command in '/home/kunal-jazzy/ROS2_Vision/build/rover_description' returned '0': CMAKE_PREFIX_PATH=${CMAKE_PREFIX_PATH}:/home/kunal-jazzy/ROS2_Vision/install/rover_control:/home/kunal-jazzy/vision_autonomous_rover/install/rover_control:/opt/ros/jazzy DEBUGINFOD_URLS=https://debuginfod.ubuntu.com /usr/bin/cmake --build /home/kunal-jazzy/ROS2_Vision/build/rover_description -- -j12 -l12
[0.887s] Invoking command in '/home/kunal-jazzy/ROS2_Vision/build/rover_description': CMAKE_PREFIX_PATH=${CMAKE_PREFIX_PATH}:/home/kunal-jazzy/ROS2_Vision/install/rover_control:/home/kunal-jazzy/vision_autonomous_rover/install/rover_control:/opt/ros/jazzy DEBUGINFOD_URLS=https://debuginfod.ubuntu.com /usr/bin/cmake --install /home/kunal-jazzy/ROS2_Vision/build/rover_description
[0.893s] -- Install configuration: ""
[0.893s] -- Execute custom install script
[0.893s] -- Up-to-date symlink: /home/kunal-jazzy/ROS2_Vision/install/rover_description/share/rover_description/robot/parts/base/base.urdf.xacro
[0.893s] -- Up-to-date symlink: /home/kunal-jazzy/ROS2_Vision/install/rover_description/share/rover_description/robot/parts/camera/camera.urdf.xacro
[0.894s] -- Up-to-date symlink: /home/kunal-jazzy/ROS2_Vision/install/rover_description/share/rover_description/robot/parts/wheel/wheel.urdf.xacro
[0.894s] -- Up-to-date symlink: /home/kunal-jazzy/ROS2_Vision/install/rover_description/share/rover_description/robot/rover_main.urdf.xacro
[0.894s] -- Up-to-date symlink: /home/kunal-jazzy/ROS2_Vision/install/rover_description/share/rover_description/meshes/STL/base/main_frame.stl
[0.894s] -- Up-to-date symlink: /home/kunal-jazzy/ROS2_Vision/install/rover_description/share/rover_description/meshes/STL/camera/camera.stl
[0.894s] -- Up-to-date symlink: /home/kunal-jazzy/ROS2_Vision/install/rover_description/share/rover_description/meshes/STL/wheel/wheel_left.stl
[0.894s] -- Up-to-date symlink: /home/kunal-jazzy/ROS2_Vision/install/rover_description/share/rover_description/meshes/STL/wheel/wheel_right.stl
[0.894s] -- Symlinking: /home/kunal-jazzy/ROS2_Vision/install/rover_description/share/rover_description/launch/display.launch.xml
[0.903s] -- Up-to-date symlink: /home/kunal-jazzy/ROS2_Vision/install/rover_description/share/ament_index/resource_index/package_run_dependencies/rover_description
[0.903s] -- Up-to-date symlink: /home/kunal-jazzy/ROS2_Vision/install/rover_description/share/ament_index/resource_index/parent_prefix_path/rover_description
[0.903s] -- Up-to-date symlink: /home/kunal-jazzy/ROS2_Vision/install/rover_description/share/rover_description/environment/ament_prefix_path.sh
[0.903s] -- Up-to-date symlink: /home/kunal-jazzy/ROS2_Vision/install/rover_description/share/rover_description/environment/ament_prefix_path.dsv
[0.903s] -- Up-to-date symlink: /home/kunal-jazzy/ROS2_Vision/install/rover_description/share/rover_description/environment/path.sh
[0.903s] -- Up-to-date symlink: /home/kunal-jazzy/ROS2_Vision/install/rover_description/share/rover_description/environment/path.dsv
[0.903s] -- Up-to-date symlink: /home/kunal-jazzy/ROS2_Vision/install/rover_description/share/rover_description/local_setup.bash
[0.903s] -- Up-to-date symlink: /home/kunal-jazzy/ROS2_Vision/install/rover_description/share/rover_description/local_setup.sh
[0.903s] -- Up-to-date symlink: /home/kunal-jazzy/ROS2_Vision/install/rover_description/share/rover_description/local_setup.zsh
[0.903s] -- Up-to-date symlink: /home/kunal-jazzy/ROS2_Vision/install/rover_description/share/rover_description/local_setup.dsv
[0.904s] -- Symlinking: /home/kunal-jazzy/ROS2_Vision/install/rover_description/share/rover_description/package.dsv
[0.913s] -- Up-to-date symlink: /home/kunal-jazzy/ROS2_Vision/install/rover_description/share/ament_index/resource_index/packages/rover_description
[0.913s] -- Up-to-date symlink: /home/kunal-jazzy/ROS2_Vision/install/rover_description/share/rover_description/cmake/rover_descriptionConfig.cmake
[0.913s] -- Up-to-date symlink: /home/kunal-jazzy/ROS2_Vision/install/rover_description/share/rover_description/cmake/rover_descriptionConfig-version.cmake
[0.913s] -- Up-to-date symlink: /home/kunal-jazzy/ROS2_Vision/install/rover_description/share/rover_description/package.xml
[0.915s] Invoked command in '/home/kunal-jazzy/ROS2_Vision/build/rover_description' returned '0': CMAKE_PREFIX_PATH=${CMAKE_PREFIX_PATH}:/home/kunal-jazzy/ROS2_Vision/install/rover_control:/home/kunal-jazzy/vision_autonomous_rover/install/rover_control:/opt/ros/jazzy DEBUGINFOD_URLS=https://debuginfod.ubuntu.com /usr/bin/cmake --install /home/kunal-jazzy/ROS2_Vision/build/rover_description
