-- The C compiler identification is GNU 13.3.0
-- The CXX compiler identification is GNU 13.3.0
-- Detecting C compiler ABI info
-- Detecting C compiler ABI info - done
-- Check for working C compiler: /usr/bin/cc - skipped
-- Detecting C compile features
-- Detecting C compile features - done
-- Detecting CXX compiler ABI info
-- Detecting CXX compiler ABI info - done
-- Check for working CXX compiler: /usr/bin/c++ - skipped
-- Detecting CXX compile features
-- Detecting CXX compile features - done
-- Found ament_cmake: 2.5.4 (/opt/ros/jazzy/share/ament_cmake/cmake)
-- Found Python3: /usr/bin/python3 (found version "3.12.3") found components: Interpreter 
-- Override CMake install command with custom implementation using symlinks instead of copying resources
-- Found xacro: 2.1.1 (/opt/ros/jazzy/share/xacro/cmake)
-- Found robot_state_publisher: 3.3.3 (/opt/ros/jazzy/share/robot_state_publisher/cmake)
-- Found rosidl_generator_c: 4.6.6 (/opt/ros/jazzy/share/rosidl_generator_c/cmake)
-- Found rosidl_generator_cpp: 4.6.6 (/opt/ros/jazzy/share/rosidl_generator_cpp/cmake)
-- Using all available rosidl_typesupport_c: rosidl_typesupport_fastrtps_c;rosidl_typesupport_introspection_c
-- Using all available rosidl_typesupport_cpp: rosidl_typesupport_fastrtps_cpp;rosidl_typesupport_introspection_cpp
-- Found rmw_implementation_cmake: 7.3.2 (/opt/ros/jazzy/share/rmw_implementation_cmake/cmake)
-- Found rmw_fastrtps_cpp: 8.4.3 (/opt/ros/jazzy/share/rmw_fastrtps_cpp/cmake)
-- Found OpenSSL: /usr/lib/x86_64-linux-gnu/libcrypto.so (found version "3.0.13")  
-- Found FastRTPS: /opt/ros/jazzy/include (Required is at least version "2.13") 
-- Using RMW implementation 'rmw_fastrtps_cpp' as default
-- Found ament_lint_auto: 0.17.3 (/opt/ros/jazzy/share/ament_lint_auto/cmake)
-- Added test 'copyright' to check source files copyright and LICENSE
-- Added test 'lint_cmake' to check CMake code style
-- Added test 'xmllint' to check XML markup files
-- Configuring done (2.0s)
-- Generating done (0.0s)
-- Build files have been written to: /home/kunal-jazzy/ROS2_Vision/build/rover_description
-- Install configuration: ""
-- Execute custom install script
-- Symlinking: /home/kunal-jazzy/ROS2_Vision/install/rover_description/share/rover_description/robot/parts/base/base.urdf.xacro
-- Symlinking: /home/kunal-jazzy/ROS2_Vision/install/rover_description/share/rover_description/robot/parts/camera/camera.urdf.xacro
-- Symlinking: /home/kunal-jazzy/ROS2_Vision/install/rover_description/share/rover_description/robot/parts/wheel/wheel.urdf.xacro
-- Symlinking: /home/kunal-jazzy/ROS2_Vision/install/rover_description/share/rover_description/robot/rover_main.urdf.xacro
-- Symlinking: /home/kunal-jazzy/ROS2_Vision/install/rover_description/share/rover_description/meshes/STL/base/main_frame.stl
-- Symlinking: /home/kunal-jazzy/ROS2_Vision/install/rover_description/share/rover_description/meshes/STL/camera/camera.stl
-- Symlinking: /home/kunal-jazzy/ROS2_Vision/install/rover_description/share/rover_description/meshes/STL/wheel/wheel_left.stl
-- Symlinking: /home/kunal-jazzy/ROS2_Vision/install/rover_description/share/rover_description/meshes/STL/wheel/wheel_right.stl
-- Symlinking: /home/kunal-jazzy/ROS2_Vision/install/rover_description/share/ament_index/resource_index/package_run_dependencies/rover_description
-- Symlinking: /home/kunal-jazzy/ROS2_Vision/install/rover_description/share/ament_index/resource_index/parent_prefix_path/rover_description
-- Symlinking: /home/kunal-jazzy/ROS2_Vision/install/rover_description/share/rover_description/environment/ament_prefix_path.sh
-- Symlinking: /home/kunal-jazzy/ROS2_Vision/install/rover_description/share/rover_description/environment/ament_prefix_path.dsv
-- Symlinking: /home/kunal-jazzy/ROS2_Vision/install/rover_description/share/rover_description/environment/path.sh
-- Symlinking: /home/kunal-jazzy/ROS2_Vision/install/rover_description/share/rover_description/environment/path.dsv
-- Symlinking: /home/kunal-jazzy/ROS2_Vision/install/rover_description/share/rover_description/local_setup.bash
-- Symlinking: /home/kunal-jazzy/ROS2_Vision/install/rover_description/share/rover_description/local_setup.sh
-- Symlinking: /home/kunal-jazzy/ROS2_Vision/install/rover_description/share/rover_description/local_setup.zsh
-- Symlinking: /home/kunal-jazzy/ROS2_Vision/install/rover_description/share/rover_description/local_setup.dsv
-- Symlinking: /home/kunal-jazzy/ROS2_Vision/install/rover_description/share/rover_description/package.dsv
-- Symlinking: /home/kunal-jazzy/ROS2_Vision/install/rover_description/share/ament_index/resource_index/packages/rover_description
-- Symlinking: /home/kunal-jazzy/ROS2_Vision/install/rover_description/share/rover_description/cmake/rover_descriptionConfig.cmake
-- Symlinking: /home/kunal-jazzy/ROS2_Vision/install/rover_description/share/rover_description/cmake/rover_descriptionConfig-version.cmake
-- Symlinking: /home/kunal-jazzy/ROS2_Vision/install/rover_description/share/rover_description/package.xml
