[0.014s] Invoking command in '/home/kunal-jazzy/ROS2_Vision/build/rover_description': CMAKE_PREFIX_PATH=${CMAKE_PREFIX_PATH}:/home/kunal-jazzy/ROS2_Vision/install/rover_control:/home/kunal-jazzy/vision_autonomous_rover/install/rover_control:/opt/ros/jazzy DEBUGINFOD_URLS=https://debuginfod.ubuntu.com /usr/bin/cmake /home/kunal-jazzy/ROS2_Vision/src/rover_description -DAMENT_CMAKE_SYMLINK_INSTALL=1 -DCMAKE_INSTALL_PREFIX=/home/kunal-jazzy/ROS2_Vision/install/rover_description
[0.092s] -- The C compiler identification is GNU 13.3.0
[0.176s] -- The CXX compiler identification is GNU 13.3.0
[0.203s] -- Detecting C compiler ABI info
[0.351s] -- Detecting C compiler ABI info - done
[0.368s] -- Check for working C compiler: /usr/bin/cc - skipped
[0.369s] -- Detecting C compile features
[0.369s] -- Detecting C compile features - done
[0.384s] -- Detecting CXX compiler ABI info
[0.534s] -- Detecting CXX compiler ABI info - done
[0.549s] -- Check for working CXX compiler: /usr/bin/c++ - skipped
[0.549s] -- Detecting CXX compile features
[0.550s] -- Detecting CXX compile features - done
[0.556s] -- Found ament_cmake: 2.5.4 (/opt/ros/jazzy/share/ament_cmake/cmake)
[0.799s] -- Found Python3: /usr/bin/python3 (found version "3.12.3") found components: Interpreter 
[0.907s] -- Override CMake install command with custom implementation using symlinks instead of copying resources
[0.975s] -- Found xacro: 2.1.1 (/opt/ros/jazzy/share/xacro/cmake)
[0.979s] -- Found robot_state_publisher: 3.3.3 (/opt/ros/jazzy/share/robot_state_publisher/cmake)
[1.045s] -- Found rosidl_generator_c: 4.6.6 (/opt/ros/jazzy/share/rosidl_generator_c/cmake)
[1.068s] -- Found rosidl_generator_cpp: 4.6.6 (/opt/ros/jazzy/share/rosidl_generator_cpp/cmake)
[1.092s] -- Using all available rosidl_typesupport_c: rosidl_typesupport_fastrtps_c;rosidl_typesupport_introspection_c
[1.119s] -- Using all available rosidl_typesupport_cpp: rosidl_typesupport_fastrtps_cpp;rosidl_typesupport_introspection_cpp
[1.253s] -- Found rmw_implementation_cmake: 7.3.2 (/opt/ros/jazzy/share/rmw_implementation_cmake/cmake)
[1.258s] -- Found rmw_fastrtps_cpp: 8.4.3 (/opt/ros/jazzy/share/rmw_fastrtps_cpp/cmake)
[1.387s] -- Found OpenSSL: /usr/lib/x86_64-linux-gnu/libcrypto.so (found version "3.0.13")  
[1.426s] -- Found FastRTPS: /opt/ros/jazzy/include (Required is at least version "2.13") 
[1.466s] -- Using RMW implementation 'rmw_fastrtps_cpp' as default
[1.885s] -- Found ament_lint_auto: 0.17.3 (/opt/ros/jazzy/share/ament_lint_auto/cmake)
[2.053s] -- Added test 'copyright' to check source files copyright and LICENSE
[2.057s] -- Added test 'lint_cmake' to check CMake code style
[2.060s] -- Added test 'xmllint' to check XML markup files
[2.063s] -- Configuring done (2.0s)
[2.068s] -- Generating done (0.0s)
[2.071s] -- Build files have been written to: /home/kunal-jazzy/ROS2_Vision/build/rover_description
[2.085s] Invoked command in '/home/kunal-jazzy/ROS2_Vision/build/rover_description' returned '0': CMAKE_PREFIX_PATH=${CMAKE_PREFIX_PATH}:/home/kunal-jazzy/ROS2_Vision/install/rover_control:/home/kunal-jazzy/vision_autonomous_rover/install/rover_control:/opt/ros/jazzy DEBUGINFOD_URLS=https://debuginfod.ubuntu.com /usr/bin/cmake /home/kunal-jazzy/ROS2_Vision/src/rover_description -DAMENT_CMAKE_SYMLINK_INSTALL=1 -DCMAKE_INSTALL_PREFIX=/home/kunal-jazzy/ROS2_Vision/install/rover_description
[2.087s] Invoking command in '/home/kunal-jazzy/ROS2_Vision/build/rover_description': CMAKE_PREFIX_PATH=${CMAKE_PREFIX_PATH}:/home/kunal-jazzy/ROS2_Vision/install/rover_control:/home/kunal-jazzy/vision_autonomous_rover/install/rover_control:/opt/ros/jazzy DEBUGINFOD_URLS=https://debuginfod.ubuntu.com /usr/bin/cmake --build /home/kunal-jazzy/ROS2_Vision/build/rover_description -- -j12 -l12
[2.154s] Invoked command in '/home/kunal-jazzy/ROS2_Vision/build/rover_description' returned '0': CMAKE_PREFIX_PATH=${CMAKE_PREFIX_PATH}:/home/kunal-jazzy/ROS2_Vision/install/rover_control:/home/kunal-jazzy/vision_autonomous_rover/install/rover_control:/opt/ros/jazzy DEBUGINFOD_URLS=https://debuginfod.ubuntu.com /usr/bin/cmake --build /home/kunal-jazzy/ROS2_Vision/build/rover_description -- -j12 -l12
[2.169s] Invoking command in '/home/kunal-jazzy/ROS2_Vision/build/rover_description': CMAKE_PREFIX_PATH=${CMAKE_PREFIX_PATH}:/home/kunal-jazzy/ROS2_Vision/install/rover_control:/home/kunal-jazzy/vision_autonomous_rover/install/rover_control:/opt/ros/jazzy DEBUGINFOD_URLS=https://debuginfod.ubuntu.com /usr/bin/cmake --install /home/kunal-jazzy/ROS2_Vision/build/rover_description
[2.180s] -- Install configuration: ""
[2.181s] -- Execute custom install script
[2.181s] -- Symlinking: /home/kunal-jazzy/ROS2_Vision/install/rover_description/share/rover_description/robot/parts/base/base.urdf.xacro
[2.195s] -- Symlinking: /home/kunal-jazzy/ROS2_Vision/install/rover_description/share/rover_description/robot/parts/camera/camera.urdf.xacro
[2.209s] -- Symlinking: /home/kunal-jazzy/ROS2_Vision/install/rover_description/share/rover_description/robot/parts/wheel/wheel.urdf.xacro
[2.224s] -- Symlinking: /home/kunal-jazzy/ROS2_Vision/install/rover_description/share/rover_description/robot/rover_main.urdf.xacro
[2.238s] -- Symlinking: /home/kunal-jazzy/ROS2_Vision/install/rover_description/share/rover_description/meshes/STL/base/main_frame.stl
[2.250s] -- Symlinking: /home/kunal-jazzy/ROS2_Vision/install/rover_description/share/rover_description/meshes/STL/camera/camera.stl
[2.263s] -- Symlinking: /home/kunal-jazzy/ROS2_Vision/install/rover_description/share/rover_description/meshes/STL/wheel/wheel_left.stl
[2.276s] -- Symlinking: /home/kunal-jazzy/ROS2_Vision/install/rover_description/share/rover_description/meshes/STL/wheel/wheel_right.stl
[2.289s] -- Symlinking: /home/kunal-jazzy/ROS2_Vision/install/rover_description/share/ament_index/resource_index/package_run_dependencies/rover_description
[2.302s] -- Symlinking: /home/kunal-jazzy/ROS2_Vision/install/rover_description/share/ament_index/resource_index/parent_prefix_path/rover_description
[2.316s] -- Symlinking: /home/kunal-jazzy/ROS2_Vision/install/rover_description/share/rover_description/environment/ament_prefix_path.sh
[2.331s] -- Symlinking: /home/kunal-jazzy/ROS2_Vision/install/rover_description/share/rover_description/environment/ament_prefix_path.dsv
[2.344s] -- Symlinking: /home/kunal-jazzy/ROS2_Vision/install/rover_description/share/rover_description/environment/path.sh
[2.357s] -- Symlinking: /home/kunal-jazzy/ROS2_Vision/install/rover_description/share/rover_description/environment/path.dsv
[2.370s] -- Symlinking: /home/kunal-jazzy/ROS2_Vision/install/rover_description/share/rover_description/local_setup.bash
[2.386s] -- Symlinking: /home/kunal-jazzy/ROS2_Vision/install/rover_description/share/rover_description/local_setup.sh
[2.399s] -- Symlinking: /home/kunal-jazzy/ROS2_Vision/install/rover_description/share/rover_description/local_setup.zsh
[2.412s] -- Symlinking: /home/kunal-jazzy/ROS2_Vision/install/rover_description/share/rover_description/local_setup.dsv
[2.426s] -- Symlinking: /home/kunal-jazzy/ROS2_Vision/install/rover_description/share/rover_description/package.dsv
[2.440s] -- Symlinking: /home/kunal-jazzy/ROS2_Vision/install/rover_description/share/ament_index/resource_index/packages/rover_description
[2.454s] -- Symlinking: /home/kunal-jazzy/ROS2_Vision/install/rover_description/share/rover_description/cmake/rover_descriptionConfig.cmake
[2.468s] -- Symlinking: /home/kunal-jazzy/ROS2_Vision/install/rover_description/share/rover_description/cmake/rover_descriptionConfig-version.cmake
[2.480s] -- Symlinking: /home/kunal-jazzy/ROS2_Vision/install/rover_description/share/rover_description/package.xml
[2.495s] Invoked command in '/home/kunal-jazzy/ROS2_Vision/build/rover_description' returned '0': CMAKE_PREFIX_PATH=${CMAKE_PREFIX_PATH}:/home/kunal-jazzy/ROS2_Vision/install/rover_control:/home/kunal-jazzy/vision_autonomous_rover/install/rover_control:/opt/ros/jazzy DEBUGINFOD_URLS=https://debuginfod.ubuntu.com /usr/bin/cmake --install /home/kunal-jazzy/ROS2_Vision/build/rover_description
