[0.124s] DEBUG:colcon:Command line arguments: ['/usr/bin/colcon', 'build']
[0.124s] DEBUG:colcon:Parsed command line arguments: Namespace(log_base=None, log_level=None, verb_name='build', build_base='build', install_base='install', merge_install=False, symlink_install=False, test_result_base=None, continue_on_error=False, executor='parallel', parallel_workers=12, event_handlers=None, ignore_user_meta=False, metas=['./colcon.meta'], base_paths=['.'], packages_ignore=None, packages_ignore_regex=None, paths=None, packages_up_to=None, packages_up_to_regex=None, packages_above=None, packages_above_and_dependencies=None, packages_above_depth=None, packages_select_by_dep=None, packages_skip_by_dep=None, packages_skip_up_to=None, packages_select_build_failed=False, packages_skip_build_finished=False, packages_select_test_failures=False, packages_skip_test_passed=False, packages_select=None, packages_skip=None, packages_select_regex=None, packages_skip_regex=None, packages_start=None, packages_end=None, allow_overriding=[], cmake_args=None, cmake_target=None, cmake_target_skip_unavailable=False, cmake_clean_cache=False, cmake_clean_first=False, cmake_force_configure=False, ament_cmake_args=None, catkin_cmake_args=None, catkin_skip_building_tests=False, mixin_files=None, mixin=None, verb_parser=<colcon_mixin.mixin.mixin_argument.MixinArgumentDecorator object at 0x71ff4d21e450>, verb_extension=<colcon_core.verb.build.BuildVerb object at 0x71ff4d21e150>, main=<bound method BuildVerb.main of <colcon_core.verb.build.BuildVerb object at 0x71ff4d21e150>>, mixin_verb=('build',))
[0.170s] Level 1:colcon.colcon_core.package_discovery:discover_packages(colcon_meta) check parameters
[0.170s] Level 1:colcon.colcon_core.package_discovery:discover_packages(recursive) check parameters
[0.170s] Level 1:colcon.colcon_core.package_discovery:discover_packages(ignore) check parameters
[0.170s] Level 1:colcon.colcon_core.package_discovery:discover_packages(path) check parameters
[0.170s] Level 1:colcon.colcon_core.package_discovery:discover_packages(colcon_meta) discover
[0.170s] Level 1:colcon.colcon_core.package_discovery:discover_packages(recursive) discover
[0.171s] INFO:colcon.colcon_core.package_discovery:Crawling recursively for packages in '/home/kunal-jazzy/ROS2_Vision'
[0.171s] Level 1:colcon.colcon_core.package_identification:_identify(.) by extensions ['ignore', 'ignore_ament_install']
[0.171s] Level 1:colcon.colcon_core.package_identification:_identify(.) by extension 'ignore'
[0.171s] Level 1:colcon.colcon_core.package_identification:_identify(.) by extension 'ignore_ament_install'
[0.171s] Level 1:colcon.colcon_core.package_identification:_identify(.) by extensions ['colcon_pkg']
[0.171s] Level 1:colcon.colcon_core.package_identification:_identify(.) by extension 'colcon_pkg'
[0.171s] Level 1:colcon.colcon_core.package_identification:_identify(.) by extensions ['colcon_meta']
[0.171s] Level 1:colcon.colcon_core.package_identification:_identify(.) by extension 'colcon_meta'
[0.171s] Level 1:colcon.colcon_core.package_identification:_identify(.) by extensions ['ros']
[0.171s] Level 1:colcon.colcon_core.package_identification:_identify(.) by extension 'ros'
[0.205s] Level 1:colcon.colcon_core.package_identification:_identify(.) by extensions ['cmake', 'python']
[0.205s] Level 1:colcon.colcon_core.package_identification:_identify(.) by extension 'cmake'
[0.205s] Level 1:colcon.colcon_core.package_identification:_identify(.) by extension 'python'
[0.205s] Level 1:colcon.colcon_core.package_identification:_identify(.) by extensions ['python_setup_py']
[0.205s] Level 1:colcon.colcon_core.package_identification:_identify(.) by extension 'python_setup_py'
[0.205s] Level 1:colcon.colcon_core.package_identification:_identify(build) by extensions ['ignore', 'ignore_ament_install']
[0.206s] Level 1:colcon.colcon_core.package_identification:_identify(build) by extension 'ignore'
[0.206s] Level 1:colcon.colcon_core.package_identification:_identify(build) ignored
[0.206s] Level 1:colcon.colcon_core.package_identification:_identify(install) by extensions ['ignore', 'ignore_ament_install']
[0.206s] Level 1:colcon.colcon_core.package_identification:_identify(install) by extension 'ignore'
[0.206s] Level 1:colcon.colcon_core.package_identification:_identify(install) ignored
[0.206s] Level 1:colcon.colcon_core.package_identification:_identify(log) by extensions ['ignore', 'ignore_ament_install']
[0.206s] Level 1:colcon.colcon_core.package_identification:_identify(log) by extension 'ignore'
[0.206s] Level 1:colcon.colcon_core.package_identification:_identify(log) ignored
[0.206s] Level 1:colcon.colcon_core.package_identification:_identify(src) by extensions ['ignore', 'ignore_ament_install']
[0.206s] Level 1:colcon.colcon_core.package_identification:_identify(src) by extension 'ignore'
[0.207s] Level 1:colcon.colcon_core.package_identification:_identify(src) by extension 'ignore_ament_install'
[0.207s] Level 1:colcon.colcon_core.package_identification:_identify(src) by extensions ['colcon_pkg']
[0.207s] Level 1:colcon.colcon_core.package_identification:_identify(src) by extension 'colcon_pkg'
[0.207s] Level 1:colcon.colcon_core.package_identification:_identify(src) by extensions ['colcon_meta']
[0.207s] Level 1:colcon.colcon_core.package_identification:_identify(src) by extension 'colcon_meta'
[0.207s] Level 1:colcon.colcon_core.package_identification:_identify(src) by extensions ['ros']
[0.207s] Level 1:colcon.colcon_core.package_identification:_identify(src) by extension 'ros'
[0.207s] Level 1:colcon.colcon_core.package_identification:_identify(src) by extensions ['cmake', 'python']
[0.207s] Level 1:colcon.colcon_core.package_identification:_identify(src) by extension 'cmake'
[0.207s] Level 1:colcon.colcon_core.package_identification:_identify(src) by extension 'python'
[0.207s] Level 1:colcon.colcon_core.package_identification:_identify(src) by extensions ['python_setup_py']
[0.207s] Level 1:colcon.colcon_core.package_identification:_identify(src) by extension 'python_setup_py'
[0.207s] Level 1:colcon.colcon_core.package_identification:_identify(src/log) by extensions ['ignore', 'ignore_ament_install']
[0.207s] Level 1:colcon.colcon_core.package_identification:_identify(src/log) by extension 'ignore'
[0.207s] Level 1:colcon.colcon_core.package_identification:_identify(src/log) ignored
[0.207s] Level 1:colcon.colcon_core.package_identification:_identify(src/rover_bringup) by extensions ['ignore', 'ignore_ament_install']
[0.208s] Level 1:colcon.colcon_core.package_identification:_identify(src/rover_bringup) by extension 'ignore'
[0.208s] Level 1:colcon.colcon_core.package_identification:_identify(src/rover_bringup) by extension 'ignore_ament_install'
[0.208s] Level 1:colcon.colcon_core.package_identification:_identify(src/rover_bringup) by extensions ['colcon_pkg']
[0.208s] Level 1:colcon.colcon_core.package_identification:_identify(src/rover_bringup) by extension 'colcon_pkg'
[0.208s] Level 1:colcon.colcon_core.package_identification:_identify(src/rover_bringup) by extensions ['colcon_meta']
[0.208s] Level 1:colcon.colcon_core.package_identification:_identify(src/rover_bringup) by extension 'colcon_meta'
[0.208s] Level 1:colcon.colcon_core.package_identification:_identify(src/rover_bringup) by extensions ['ros']
[0.208s] Level 1:colcon.colcon_core.package_identification:_identify(src/rover_bringup) by extension 'ros'
[0.211s] DEBUG:colcon.colcon_core.package_identification:Package 'src/rover_bringup' with type 'ros.ament_cmake' and name 'rover_bringup'
[0.211s] Level 1:colcon.colcon_core.package_identification:_identify(src/rover_control) by extensions ['ignore', 'ignore_ament_install']
[0.212s] Level 1:colcon.colcon_core.package_identification:_identify(src/rover_control) by extension 'ignore'
[0.212s] Level 1:colcon.colcon_core.package_identification:_identify(src/rover_control) by extension 'ignore_ament_install'
[0.212s] Level 1:colcon.colcon_core.package_identification:_identify(src/rover_control) by extensions ['colcon_pkg']
[0.212s] Level 1:colcon.colcon_core.package_identification:_identify(src/rover_control) by extension 'colcon_pkg'
[0.212s] Level 1:colcon.colcon_core.package_identification:_identify(src/rover_control) by extensions ['colcon_meta']
[0.212s] Level 1:colcon.colcon_core.package_identification:_identify(src/rover_control) by extension 'colcon_meta'
[0.212s] Level 1:colcon.colcon_core.package_identification:_identify(src/rover_control) by extensions ['ros']
[0.212s] Level 1:colcon.colcon_core.package_identification:_identify(src/rover_control) by extension 'ros'
[0.213s] DEBUG:colcon.colcon_core.package_identification:Package 'src/rover_control' with type 'ros.ament_python' and name 'rover_control'
[0.213s] Level 1:colcon.colcon_core.package_identification:_identify(src/rover_description) by extensions ['ignore', 'ignore_ament_install']
[0.213s] Level 1:colcon.colcon_core.package_identification:_identify(src/rover_description) by extension 'ignore'
[0.213s] Level 1:colcon.colcon_core.package_identification:_identify(src/rover_description) by extension 'ignore_ament_install'
[0.213s] Level 1:colcon.colcon_core.package_identification:_identify(src/rover_description) by extensions ['colcon_pkg']
[0.213s] Level 1:colcon.colcon_core.package_identification:_identify(src/rover_description) by extension 'colcon_pkg'
[0.213s] Level 1:colcon.colcon_core.package_identification:_identify(src/rover_description) by extensions ['colcon_meta']
[0.213s] Level 1:colcon.colcon_core.package_identification:_identify(src/rover_description) by extension 'colcon_meta'
[0.213s] Level 1:colcon.colcon_core.package_identification:_identify(src/rover_description) by extensions ['ros']
[0.213s] Level 1:colcon.colcon_core.package_identification:_identify(src/rover_description) by extension 'ros'
[0.214s] DEBUG:colcon.colcon_core.package_identification:Package 'src/rover_description' with type 'ros.ament_cmake' and name 'rover_description'
[0.214s] Level 1:colcon.colcon_core.package_discovery:discover_packages(recursive) using defaults
[0.214s] Level 1:colcon.colcon_core.package_discovery:discover_packages(ignore) discover
[0.214s] Level 1:colcon.colcon_core.package_discovery:discover_packages(ignore) using defaults
[0.214s] Level 1:colcon.colcon_core.package_discovery:discover_packages(path) discover
[0.214s] Level 1:colcon.colcon_core.package_discovery:discover_packages(path) using defaults
[0.238s] Level 1:colcon.colcon_core.package_discovery:discover_packages(prefix_path) check parameters
[0.238s] Level 1:colcon.colcon_core.package_discovery:discover_packages(prefix_path) discover
[0.239s] WARNING:colcon.colcon_ros.prefix_path.ament:The path '/home/kunal-jazzy/ROS2_Vision/install/rover_bringup' in the environment variable AMENT_PREFIX_PATH doesn't exist
[0.239s] WARNING:colcon.colcon_ros.prefix_path.ament:The path '/home/kunal-jazzy/ROS2_Vision/install/rover_control' in the environment variable AMENT_PREFIX_PATH doesn't exist
[0.239s] WARNING:colcon.colcon_ros.prefix_path.catkin:The path '/home/kunal-jazzy/ROS2_Vision/install/rover_bringup' in the environment variable CMAKE_PREFIX_PATH doesn't exist
[0.240s] DEBUG:colcon.colcon_installed_package_information.package_discovery:Found 1 installed packages in /home/kunal-jazzy/ROS2_Vision/install
[0.240s] DEBUG:colcon.colcon_installed_package_information.package_discovery:Found 3 installed packages in /home/kunal-jazzy/vision_autonomous_rover/install
[0.241s] DEBUG:colcon.colcon_installed_package_information.package_discovery:Found 3 installed packages in /home/kunal-jazzy/Desktop/fws_robot_harmonic/install
[0.241s] DEBUG:colcon.colcon_installed_package_information.package_discovery:Found 2 installed packages in /home/kunal-jazzy/my_robot_ws/install
[0.243s] DEBUG:colcon.colcon_installed_package_information.package_discovery:Found 319 installed packages in /opt/ros/jazzy
[0.245s] Level 1:colcon.colcon_core.package_discovery:discover_packages(prefix_path) using defaults
[0.290s] Level 5:colcon.colcon_core.verb:set package 'rover_bringup' build argument 'cmake_args' from command line to 'None'
[0.290s] Level 5:colcon.colcon_core.verb:set package 'rover_bringup' build argument 'cmake_target' from command line to 'None'
[0.290s] Level 5:colcon.colcon_core.verb:set package 'rover_bringup' build argument 'cmake_target_skip_unavailable' from command line to 'False'
[0.290s] Level 5:colcon.colcon_core.verb:set package 'rover_bringup' build argument 'cmake_clean_cache' from command line to 'False'
[0.290s] Level 5:colcon.colcon_core.verb:set package 'rover_bringup' build argument 'cmake_clean_first' from command line to 'False'
[0.290s] Level 5:colcon.colcon_core.verb:set package 'rover_bringup' build argument 'cmake_force_configure' from command line to 'False'
[0.290s] Level 5:colcon.colcon_core.verb:set package 'rover_bringup' build argument 'ament_cmake_args' from command line to 'None'
[0.290s] Level 5:colcon.colcon_core.verb:set package 'rover_bringup' build argument 'catkin_cmake_args' from command line to 'None'
[0.290s] Level 5:colcon.colcon_core.verb:set package 'rover_bringup' build argument 'catkin_skip_building_tests' from command line to 'False'
[0.290s] DEBUG:colcon.colcon_core.verb:Building package 'rover_bringup' with the following arguments: {'ament_cmake_args': None, 'build_base': '/home/kunal-jazzy/ROS2_Vision/build/rover_bringup', 'catkin_cmake_args': None, 'catkin_skip_building_tests': False, 'cmake_args': None, 'cmake_clean_cache': False, 'cmake_clean_first': False, 'cmake_force_configure': False, 'cmake_target': None, 'cmake_target_skip_unavailable': False, 'install_base': '/home/kunal-jazzy/ROS2_Vision/install/rover_bringup', 'merge_install': False, 'path': '/home/kunal-jazzy/ROS2_Vision/src/rover_bringup', 'symlink_install': False, 'test_result_base': None}
[0.291s] Level 5:colcon.colcon_core.verb:set package 'rover_control' build argument 'cmake_args' from command line to 'None'
[0.291s] Level 5:colcon.colcon_core.verb:set package 'rover_control' build argument 'cmake_target' from command line to 'None'
[0.291s] Level 5:colcon.colcon_core.verb:set package 'rover_control' build argument 'cmake_target_skip_unavailable' from command line to 'False'
[0.291s] Level 5:colcon.colcon_core.verb:set package 'rover_control' build argument 'cmake_clean_cache' from command line to 'False'
[0.291s] Level 5:colcon.colcon_core.verb:set package 'rover_control' build argument 'cmake_clean_first' from command line to 'False'
[0.291s] Level 5:colcon.colcon_core.verb:set package 'rover_control' build argument 'cmake_force_configure' from command line to 'False'
[0.291s] Level 5:colcon.colcon_core.verb:set package 'rover_control' build argument 'ament_cmake_args' from command line to 'None'
[0.291s] Level 5:colcon.colcon_core.verb:set package 'rover_control' build argument 'catkin_cmake_args' from command line to 'None'
[0.291s] Level 5:colcon.colcon_core.verb:set package 'rover_control' build argument 'catkin_skip_building_tests' from command line to 'False'
[0.291s] DEBUG:colcon.colcon_core.verb:Building package 'rover_control' with the following arguments: {'ament_cmake_args': None, 'build_base': '/home/kunal-jazzy/ROS2_Vision/build/rover_control', 'catkin_cmake_args': None, 'catkin_skip_building_tests': False, 'cmake_args': None, 'cmake_clean_cache': False, 'cmake_clean_first': False, 'cmake_force_configure': False, 'cmake_target': None, 'cmake_target_skip_unavailable': False, 'install_base': '/home/kunal-jazzy/ROS2_Vision/install/rover_control', 'merge_install': False, 'path': '/home/kunal-jazzy/ROS2_Vision/src/rover_control', 'symlink_install': False, 'test_result_base': None}
[0.291s] Level 5:colcon.colcon_core.verb:set package 'rover_description' build argument 'cmake_args' from command line to 'None'
[0.291s] Level 5:colcon.colcon_core.verb:set package 'rover_description' build argument 'cmake_target' from command line to 'None'
[0.291s] Level 5:colcon.colcon_core.verb:set package 'rover_description' build argument 'cmake_target_skip_unavailable' from command line to 'False'
[0.291s] Level 5:colcon.colcon_core.verb:set package 'rover_description' build argument 'cmake_clean_cache' from command line to 'False'
[0.291s] Level 5:colcon.colcon_core.verb:set package 'rover_description' build argument 'cmake_clean_first' from command line to 'False'
[0.291s] Level 5:colcon.colcon_core.verb:set package 'rover_description' build argument 'cmake_force_configure' from command line to 'False'
[0.291s] Level 5:colcon.colcon_core.verb:set package 'rover_description' build argument 'ament_cmake_args' from command line to 'None'
[0.291s] Level 5:colcon.colcon_core.verb:set package 'rover_description' build argument 'catkin_cmake_args' from command line to 'None'
[0.291s] Level 5:colcon.colcon_core.verb:set package 'rover_description' build argument 'catkin_skip_building_tests' from command line to 'False'
[0.291s] DEBUG:colcon.colcon_core.verb:Building package 'rover_description' with the following arguments: {'ament_cmake_args': None, 'build_base': '/home/kunal-jazzy/ROS2_Vision/build/rover_description', 'catkin_cmake_args': None, 'catkin_skip_building_tests': False, 'cmake_args': None, 'cmake_clean_cache': False, 'cmake_clean_first': False, 'cmake_force_configure': False, 'cmake_target': None, 'cmake_target_skip_unavailable': False, 'install_base': '/home/kunal-jazzy/ROS2_Vision/install/rover_description', 'merge_install': False, 'path': '/home/kunal-jazzy/ROS2_Vision/src/rover_description', 'symlink_install': False, 'test_result_base': None}
[0.292s] INFO:colcon.colcon_core.executor:Executing jobs using 'parallel' executor
[0.293s] DEBUG:colcon.colcon_parallel_executor.executor.parallel:run_until_complete
[0.293s] INFO:colcon.colcon_ros.task.ament_cmake.build:Building ROS package in '/home/kunal-jazzy/ROS2_Vision/src/rover_bringup' with build type 'ament_cmake'
[0.293s] INFO:colcon.colcon_cmake.task.cmake.build:Building CMake package in '/home/kunal-jazzy/ROS2_Vision/src/rover_bringup'
[0.295s] INFO:colcon.colcon_core.plugin_system:Skipping extension 'colcon_core.shell.bat': Not used on non-Windows systems
[0.296s] INFO:colcon.colcon_core.shell:Skip shell extension 'powershell' for command environment: Not usable outside of PowerShell
[0.296s] DEBUG:colcon.colcon_core.shell:Skip shell extension 'dsv' for command environment
[0.301s] INFO:colcon.colcon_ros.task.ament_python.build:Building ROS package in '/home/kunal-jazzy/ROS2_Vision/src/rover_control' with build type 'ament_python'
[0.301s] Level 1:colcon.colcon_core.shell:create_environment_hook('rover_control', 'ament_prefix_path')
[0.302s] INFO:colcon.colcon_core.shell:Creating environment hook '/home/kunal-jazzy/ROS2_Vision/install/rover_control/share/rover_control/hook/ament_prefix_path.ps1'
[0.303s] INFO:colcon.colcon_core.shell:Creating environment descriptor '/home/kunal-jazzy/ROS2_Vision/install/rover_control/share/rover_control/hook/ament_prefix_path.dsv'
[0.303s] INFO:colcon.colcon_core.shell:Creating environment hook '/home/kunal-jazzy/ROS2_Vision/install/rover_control/share/rover_control/hook/ament_prefix_path.sh'
[0.304s] INFO:colcon.colcon_core.shell:Skip shell extension 'powershell' for command environment: Not usable outside of PowerShell
[0.304s] DEBUG:colcon.colcon_core.shell:Skip shell extension 'dsv' for command environment
[0.309s] INFO:colcon.colcon_ros.task.ament_cmake.build:Building ROS package in '/home/kunal-jazzy/ROS2_Vision/src/rover_description' with build type 'ament_cmake'
[0.309s] INFO:colcon.colcon_cmake.task.cmake.build:Building CMake package in '/home/kunal-jazzy/ROS2_Vision/src/rover_description'
[0.309s] INFO:colcon.colcon_core.shell:Skip shell extension 'powershell' for command environment: Not usable outside of PowerShell
[0.309s] DEBUG:colcon.colcon_core.shell:Skip shell extension 'dsv' for command environment
[0.320s] DEBUG:colcon.colcon_core.event_handler.log_command:Invoking command in '/home/kunal-jazzy/ROS2_Vision/build/rover_bringup': CMAKE_PREFIX_PATH=${CMAKE_PREFIX_PATH}:/home/kunal-jazzy/ROS2_Vision/install/rover_control:/home/kunal-jazzy/vision_autonomous_rover/install/rover_control:/opt/ros/jazzy DEBUGINFOD_URLS=https://debuginfod.ubuntu.com /usr/bin/cmake /home/kunal-jazzy/ROS2_Vision/src/rover_bringup -DCMAKE_INSTALL_PREFIX=/home/kunal-jazzy/ROS2_Vision/install/rover_bringup
[0.598s] INFO:colcon.colcon_core.task.python.build:Building Python package in '/home/kunal-jazzy/ROS2_Vision/src/rover_control'
[0.598s] INFO:colcon.colcon_core.shell:Skip shell extension 'powershell' for command environment: Not usable outside of PowerShell
[0.598s] DEBUG:colcon.colcon_core.shell:Skip shell extension 'dsv' for command environment
[0.610s] DEBUG:colcon.colcon_core.event_handler.log_command:Invoking command in '/home/kunal-jazzy/ROS2_Vision/build/rover_description': CMAKE_PREFIX_PATH=${CMAKE_PREFIX_PATH}:/home/kunal-jazzy/ROS2_Vision/install/rover_control:/home/kunal-jazzy/vision_autonomous_rover/install/rover_control:/opt/ros/jazzy DEBUGINFOD_URLS=https://debuginfod.ubuntu.com /usr/bin/cmake /home/kunal-jazzy/ROS2_Vision/src/rover_description -DCMAKE_INSTALL_PREFIX=/home/kunal-jazzy/ROS2_Vision/install/rover_description
[1.349s] DEBUG:colcon.colcon_core.event_handler.log_command:Invoked command in '/home/kunal-jazzy/ROS2_Vision/build/rover_bringup' returned '0': CMAKE_PREFIX_PATH=${CMAKE_PREFIX_PATH}:/home/kunal-jazzy/ROS2_Vision/install/rover_control:/home/kunal-jazzy/vision_autonomous_rover/install/rover_control:/opt/ros/jazzy DEBUGINFOD_URLS=https://debuginfod.ubuntu.com /usr/bin/cmake /home/kunal-jazzy/ROS2_Vision/src/rover_bringup -DCMAKE_INSTALL_PREFIX=/home/kunal-jazzy/ROS2_Vision/install/rover_bringup
[1.351s] DEBUG:colcon.colcon_core.event_handler.log_command:Invoking command in '/home/kunal-jazzy/ROS2_Vision/build/rover_bringup': CMAKE_PREFIX_PATH=${CMAKE_PREFIX_PATH}:/home/kunal-jazzy/ROS2_Vision/install/rover_control:/home/kunal-jazzy/vision_autonomous_rover/install/rover_control:/opt/ros/jazzy DEBUGINFOD_URLS=https://debuginfod.ubuntu.com /usr/bin/cmake --build /home/kunal-jazzy/ROS2_Vision/build/rover_bringup -- -j12 -l12
[1.411s] DEBUG:colcon.colcon_core.event_handler.log_command:Invoked command in '/home/kunal-jazzy/ROS2_Vision/build/rover_bringup' returned '0': CMAKE_PREFIX_PATH=${CMAKE_PREFIX_PATH}:/home/kunal-jazzy/ROS2_Vision/install/rover_control:/home/kunal-jazzy/vision_autonomous_rover/install/rover_control:/opt/ros/jazzy DEBUGINFOD_URLS=https://debuginfod.ubuntu.com /usr/bin/cmake --build /home/kunal-jazzy/ROS2_Vision/build/rover_bringup -- -j12 -l12
[1.425s] DEBUG:colcon.colcon_core.event_handler.log_command:Invoking command in '/home/kunal-jazzy/ROS2_Vision/build/rover_bringup': CMAKE_PREFIX_PATH=${CMAKE_PREFIX_PATH}:/home/kunal-jazzy/ROS2_Vision/install/rover_control:/home/kunal-jazzy/vision_autonomous_rover/install/rover_control:/opt/ros/jazzy DEBUGINFOD_URLS=https://debuginfod.ubuntu.com /usr/bin/cmake --install /home/kunal-jazzy/ROS2_Vision/build/rover_bringup
[1.434s] DEBUG:colcon.colcon_core.event_handler.log_command:Invoking command in '/home/kunal-jazzy/ROS2_Vision/src/rover_control': DEBUGINFOD_URLS=https://debuginfod.ubuntu.com PYTHONPATH=/home/kunal-jazzy/ROS2_Vision/build/rover_control/prefix_override:/usr/lib/python3/dist-packages/colcon_core/task/python/colcon_distutils_commands:/home/kunal-jazzy/ROS2_Vision/install/rover_control/lib/python3.12/site-packages:${PYTHONPATH} /usr/bin/python3 -W ignore:setup.py install is deprecated -W ignore:easy_install command is deprecated setup.py egg_info --egg-base ../../build/rover_control build --build-base /home/kunal-jazzy/ROS2_Vision/build/rover_control/build install --record /home/kunal-jazzy/ROS2_Vision/build/rover_control/install.log --single-version-externally-managed install_data
[1.438s] Level 1:colcon.colcon_core.environment:create_environment_scripts_only(rover_bringup)
[1.438s] DEBUG:colcon.colcon_core.event_handler.log_command:Invoked command in '/home/kunal-jazzy/ROS2_Vision/build/rover_bringup' returned '0': CMAKE_PREFIX_PATH=${CMAKE_PREFIX_PATH}:/home/kunal-jazzy/ROS2_Vision/install/rover_control:/home/kunal-jazzy/vision_autonomous_rover/install/rover_control:/opt/ros/jazzy DEBUGINFOD_URLS=https://debuginfod.ubuntu.com /usr/bin/cmake --install /home/kunal-jazzy/ROS2_Vision/build/rover_bringup
[1.442s] Level 1:colcon.colcon_core.environment:checking '/home/kunal-jazzy/ROS2_Vision/install/rover_bringup' for CMake module files
[1.443s] Level 1:colcon.colcon_core.environment:checking '/home/kunal-jazzy/ROS2_Vision/install/rover_bringup' for CMake config files
[1.444s] Level 1:colcon.colcon_core.shell:create_environment_hook('rover_bringup', 'cmake_prefix_path')
[1.444s] INFO:colcon.colcon_core.shell:Creating environment hook '/home/kunal-jazzy/ROS2_Vision/install/rover_bringup/share/rover_bringup/hook/cmake_prefix_path.ps1'
[1.445s] INFO:colcon.colcon_core.shell:Creating environment descriptor '/home/kunal-jazzy/ROS2_Vision/install/rover_bringup/share/rover_bringup/hook/cmake_prefix_path.dsv'
[1.445s] INFO:colcon.colcon_core.shell:Creating environment hook '/home/kunal-jazzy/ROS2_Vision/install/rover_bringup/share/rover_bringup/hook/cmake_prefix_path.sh'
[1.446s] Level 1:colcon.colcon_core.environment:checking '/home/kunal-jazzy/ROS2_Vision/install/rover_bringup/bin'
[1.447s] Level 1:colcon.colcon_core.environment:checking '/home/kunal-jazzy/ROS2_Vision/install/rover_bringup/lib/pkgconfig/rover_bringup.pc'
[1.447s] Level 1:colcon.colcon_core.environment:checking '/home/kunal-jazzy/ROS2_Vision/install/rover_bringup/lib/python3.12/site-packages'
[1.448s] Level 1:colcon.colcon_core.environment:checking '/home/kunal-jazzy/ROS2_Vision/install/rover_bringup/bin'
[1.448s] INFO:colcon.colcon_core.shell:Creating package script '/home/kunal-jazzy/ROS2_Vision/install/rover_bringup/share/rover_bringup/package.ps1'
[1.449s] INFO:colcon.colcon_core.shell:Creating package descriptor '/home/kunal-jazzy/ROS2_Vision/install/rover_bringup/share/rover_bringup/package.dsv'
[1.450s] INFO:colcon.colcon_core.shell:Creating package script '/home/kunal-jazzy/ROS2_Vision/install/rover_bringup/share/rover_bringup/package.sh'
[1.451s] INFO:colcon.colcon_core.shell:Creating package script '/home/kunal-jazzy/ROS2_Vision/install/rover_bringup/share/rover_bringup/package.bash'
[1.452s] INFO:colcon.colcon_core.shell:Creating package script '/home/kunal-jazzy/ROS2_Vision/install/rover_bringup/share/rover_bringup/package.zsh'
[1.452s] Level 1:colcon.colcon_core.environment:create_file_with_runtime_dependencies(/home/kunal-jazzy/ROS2_Vision/install/rover_bringup/share/colcon-core/packages/rover_bringup)
[1.453s] Level 1:colcon.colcon_core.environment:create_environment_scripts_only(rover_bringup)
[1.453s] Level 1:colcon.colcon_core.environment:checking '/home/kunal-jazzy/ROS2_Vision/install/rover_bringup' for CMake module files
[1.454s] Level 1:colcon.colcon_core.environment:checking '/home/kunal-jazzy/ROS2_Vision/install/rover_bringup' for CMake config files
[1.454s] Level 1:colcon.colcon_core.shell:create_environment_hook('rover_bringup', 'cmake_prefix_path')
[1.454s] INFO:colcon.colcon_core.shell:Creating environment hook '/home/kunal-jazzy/ROS2_Vision/install/rover_bringup/share/rover_bringup/hook/cmake_prefix_path.ps1'
[1.454s] INFO:colcon.colcon_core.shell:Creating environment descriptor '/home/kunal-jazzy/ROS2_Vision/install/rover_bringup/share/rover_bringup/hook/cmake_prefix_path.dsv'
[1.455s] INFO:colcon.colcon_core.shell:Creating environment hook '/home/kunal-jazzy/ROS2_Vision/install/rover_bringup/share/rover_bringup/hook/cmake_prefix_path.sh'
[1.455s] Level 1:colcon.colcon_core.environment:checking '/home/kunal-jazzy/ROS2_Vision/install/rover_bringup/bin'
[1.455s] Level 1:colcon.colcon_core.environment:checking '/home/kunal-jazzy/ROS2_Vision/install/rover_bringup/lib/pkgconfig/rover_bringup.pc'
[1.456s] Level 1:colcon.colcon_core.environment:checking '/home/kunal-jazzy/ROS2_Vision/install/rover_bringup/lib/python3.12/site-packages'
[1.456s] Level 1:colcon.colcon_core.environment:checking '/home/kunal-jazzy/ROS2_Vision/install/rover_bringup/bin'
[1.456s] INFO:colcon.colcon_core.shell:Creating package script '/home/kunal-jazzy/ROS2_Vision/install/rover_bringup/share/rover_bringup/package.ps1'
[1.457s] INFO:colcon.colcon_core.shell:Creating package descriptor '/home/kunal-jazzy/ROS2_Vision/install/rover_bringup/share/rover_bringup/package.dsv'
[1.457s] INFO:colcon.colcon_core.shell:Creating package script '/home/kunal-jazzy/ROS2_Vision/install/rover_bringup/share/rover_bringup/package.sh'
[1.458s] INFO:colcon.colcon_core.shell:Creating package script '/home/kunal-jazzy/ROS2_Vision/install/rover_bringup/share/rover_bringup/package.bash'
[1.459s] INFO:colcon.colcon_core.shell:Creating package script '/home/kunal-jazzy/ROS2_Vision/install/rover_bringup/share/rover_bringup/package.zsh'
[1.459s] Level 1:colcon.colcon_core.environment:create_file_with_runtime_dependencies(/home/kunal-jazzy/ROS2_Vision/install/rover_bringup/share/colcon-core/packages/rover_bringup)
[1.712s] DEBUG:colcon.colcon_core.event_handler.log_command:Invoked command in '/home/kunal-jazzy/ROS2_Vision/build/rover_description' returned '0': CMAKE_PREFIX_PATH=${CMAKE_PREFIX_PATH}:/home/kunal-jazzy/ROS2_Vision/install/rover_control:/home/kunal-jazzy/vision_autonomous_rover/install/rover_control:/opt/ros/jazzy DEBUGINFOD_URLS=https://debuginfod.ubuntu.com /usr/bin/cmake /home/kunal-jazzy/ROS2_Vision/src/rover_description -DCMAKE_INSTALL_PREFIX=/home/kunal-jazzy/ROS2_Vision/install/rover_description
[1.714s] DEBUG:colcon.colcon_core.event_handler.log_command:Invoking command in '/home/kunal-jazzy/ROS2_Vision/build/rover_description': CMAKE_PREFIX_PATH=${CMAKE_PREFIX_PATH}:/home/kunal-jazzy/ROS2_Vision/install/rover_control:/home/kunal-jazzy/vision_autonomous_rover/install/rover_control:/opt/ros/jazzy DEBUGINFOD_URLS=https://debuginfod.ubuntu.com /usr/bin/cmake --build /home/kunal-jazzy/ROS2_Vision/build/rover_description -- -j12 -l12
[1.772s] DEBUG:colcon.colcon_core.event_handler.log_command:Invoked command in '/home/kunal-jazzy/ROS2_Vision/build/rover_description' returned '0': CMAKE_PREFIX_PATH=${CMAKE_PREFIX_PATH}:/home/kunal-jazzy/ROS2_Vision/install/rover_control:/home/kunal-jazzy/vision_autonomous_rover/install/rover_control:/opt/ros/jazzy DEBUGINFOD_URLS=https://debuginfod.ubuntu.com /usr/bin/cmake --build /home/kunal-jazzy/ROS2_Vision/build/rover_description -- -j12 -l12
[1.773s] DEBUG:colcon.colcon_core.event_handler.log_command:Invoking command in '/home/kunal-jazzy/ROS2_Vision/build/rover_description': CMAKE_PREFIX_PATH=${CMAKE_PREFIX_PATH}:/home/kunal-jazzy/ROS2_Vision/install/rover_control:/home/kunal-jazzy/vision_autonomous_rover/install/rover_control:/opt/ros/jazzy DEBUGINFOD_URLS=https://debuginfod.ubuntu.com /usr/bin/cmake --install /home/kunal-jazzy/ROS2_Vision/build/rover_description
[1.799s] Level 1:colcon.colcon_core.environment:create_environment_scripts_only(rover_description)
[1.800s] Level 1:colcon.colcon_core.environment:checking '/home/kunal-jazzy/ROS2_Vision/install/rover_description' for CMake module files
[1.801s] DEBUG:colcon.colcon_core.event_handler.log_command:Invoked command in '/home/kunal-jazzy/ROS2_Vision/build/rover_description' returned '0': CMAKE_PREFIX_PATH=${CMAKE_PREFIX_PATH}:/home/kunal-jazzy/ROS2_Vision/install/rover_control:/home/kunal-jazzy/vision_autonomous_rover/install/rover_control:/opt/ros/jazzy DEBUGINFOD_URLS=https://debuginfod.ubuntu.com /usr/bin/cmake --install /home/kunal-jazzy/ROS2_Vision/build/rover_description
[1.801s] Level 1:colcon.colcon_core.environment:checking '/home/kunal-jazzy/ROS2_Vision/install/rover_description' for CMake config files
[1.801s] Level 1:colcon.colcon_core.shell:create_environment_hook('rover_description', 'cmake_prefix_path')
[1.802s] INFO:colcon.colcon_core.shell:Creating environment hook '/home/kunal-jazzy/ROS2_Vision/install/rover_description/share/rover_description/hook/cmake_prefix_path.ps1'
[1.802s] INFO:colcon.colcon_core.shell:Creating environment descriptor '/home/kunal-jazzy/ROS2_Vision/install/rover_description/share/rover_description/hook/cmake_prefix_path.dsv'
[1.803s] INFO:colcon.colcon_core.shell:Creating environment hook '/home/kunal-jazzy/ROS2_Vision/install/rover_description/share/rover_description/hook/cmake_prefix_path.sh'
[1.803s] Level 1:colcon.colcon_core.environment:checking '/home/kunal-jazzy/ROS2_Vision/install/rover_description/bin'
[1.803s] Level 1:colcon.colcon_core.environment:checking '/home/kunal-jazzy/ROS2_Vision/install/rover_description/lib/pkgconfig/rover_description.pc'
[1.803s] Level 1:colcon.colcon_core.environment:checking '/home/kunal-jazzy/ROS2_Vision/install/rover_description/lib/python3.12/site-packages'
[1.804s] Level 1:colcon.colcon_core.environment:checking '/home/kunal-jazzy/ROS2_Vision/install/rover_description/bin'
[1.804s] INFO:colcon.colcon_core.shell:Creating package script '/home/kunal-jazzy/ROS2_Vision/install/rover_description/share/rover_description/package.ps1'
[1.805s] INFO:colcon.colcon_core.shell:Creating package descriptor '/home/kunal-jazzy/ROS2_Vision/install/rover_description/share/rover_description/package.dsv'
[1.805s] INFO:colcon.colcon_core.shell:Creating package script '/home/kunal-jazzy/ROS2_Vision/install/rover_description/share/rover_description/package.sh'
[1.805s] INFO:colcon.colcon_core.shell:Creating package script '/home/kunal-jazzy/ROS2_Vision/install/rover_description/share/rover_description/package.bash'
[1.806s] INFO:colcon.colcon_core.shell:Creating package script '/home/kunal-jazzy/ROS2_Vision/install/rover_description/share/rover_description/package.zsh'
[1.806s] Level 1:colcon.colcon_core.environment:create_file_with_runtime_dependencies(/home/kunal-jazzy/ROS2_Vision/install/rover_description/share/colcon-core/packages/rover_description)
[1.806s] Level 1:colcon.colcon_core.environment:create_environment_scripts_only(rover_description)
[1.807s] Level 1:colcon.colcon_core.environment:checking '/home/kunal-jazzy/ROS2_Vision/install/rover_description' for CMake module files
[1.807s] Level 1:colcon.colcon_core.environment:checking '/home/kunal-jazzy/ROS2_Vision/install/rover_description' for CMake config files
[1.807s] Level 1:colcon.colcon_core.shell:create_environment_hook('rover_description', 'cmake_prefix_path')
[1.807s] INFO:colcon.colcon_core.shell:Creating environment hook '/home/kunal-jazzy/ROS2_Vision/install/rover_description/share/rover_description/hook/cmake_prefix_path.ps1'
[1.808s] INFO:colcon.colcon_core.shell:Creating environment descriptor '/home/kunal-jazzy/ROS2_Vision/install/rover_description/share/rover_description/hook/cmake_prefix_path.dsv'
[1.808s] INFO:colcon.colcon_core.shell:Creating environment hook '/home/kunal-jazzy/ROS2_Vision/install/rover_description/share/rover_description/hook/cmake_prefix_path.sh'
[1.809s] Level 1:colcon.colcon_core.environment:checking '/home/kunal-jazzy/ROS2_Vision/install/rover_description/bin'
[1.809s] Level 1:colcon.colcon_core.environment:checking '/home/kunal-jazzy/ROS2_Vision/install/rover_description/lib/pkgconfig/rover_description.pc'
[1.809s] Level 1:colcon.colcon_core.environment:checking '/home/kunal-jazzy/ROS2_Vision/install/rover_description/lib/python3.12/site-packages'
[1.809s] Level 1:colcon.colcon_core.environment:checking '/home/kunal-jazzy/ROS2_Vision/install/rover_description/bin'
[1.810s] INFO:colcon.colcon_core.shell:Creating package script '/home/kunal-jazzy/ROS2_Vision/install/rover_description/share/rover_description/package.ps1'
[1.810s] INFO:colcon.colcon_core.shell:Creating package descriptor '/home/kunal-jazzy/ROS2_Vision/install/rover_description/share/rover_description/package.dsv'
[1.811s] INFO:colcon.colcon_core.shell:Creating package script '/home/kunal-jazzy/ROS2_Vision/install/rover_description/share/rover_description/package.sh'
[1.811s] INFO:colcon.colcon_core.shell:Creating package script '/home/kunal-jazzy/ROS2_Vision/install/rover_description/share/rover_description/package.bash'
[1.811s] INFO:colcon.colcon_core.shell:Creating package script '/home/kunal-jazzy/ROS2_Vision/install/rover_description/share/rover_description/package.zsh'
[1.812s] Level 1:colcon.colcon_core.environment:create_file_with_runtime_dependencies(/home/kunal-jazzy/ROS2_Vision/install/rover_description/share/colcon-core/packages/rover_description)
[2.089s] Level 1:colcon.colcon_core.environment:checking '/home/kunal-jazzy/ROS2_Vision/install/rover_control' for CMake module files
[2.090s] DEBUG:colcon.colcon_core.event_handler.log_command:Invoked command in '/home/kunal-jazzy/ROS2_Vision/src/rover_control' returned '0': DEBUGINFOD_URLS=https://debuginfod.ubuntu.com PYTHONPATH=/home/kunal-jazzy/ROS2_Vision/build/rover_control/prefix_override:/usr/lib/python3/dist-packages/colcon_core/task/python/colcon_distutils_commands:/home/kunal-jazzy/ROS2_Vision/install/rover_control/lib/python3.12/site-packages:${PYTHONPATH} /usr/bin/python3 -W ignore:setup.py install is deprecated -W ignore:easy_install command is deprecated setup.py egg_info --egg-base ../../build/rover_control build --build-base /home/kunal-jazzy/ROS2_Vision/build/rover_control/build install --record /home/kunal-jazzy/ROS2_Vision/build/rover_control/install.log --single-version-externally-managed install_data
[2.090s] Level 1:colcon.colcon_core.environment:checking '/home/kunal-jazzy/ROS2_Vision/install/rover_control' for CMake config files
[2.091s] Level 1:colcon.colcon_core.environment:checking '/home/kunal-jazzy/ROS2_Vision/install/rover_control/lib'
[2.091s] Level 1:colcon.colcon_core.environment:checking '/home/kunal-jazzy/ROS2_Vision/install/rover_control/bin'
[2.091s] Level 1:colcon.colcon_core.environment:checking '/home/kunal-jazzy/ROS2_Vision/install/rover_control/lib/pkgconfig/rover_control.pc'
[2.092s] Level 1:colcon.colcon_core.environment:checking '/home/kunal-jazzy/ROS2_Vision/install/rover_control/lib/python3.12/site-packages'
[2.092s] Level 1:colcon.colcon_core.shell:create_environment_hook('rover_control', 'pythonpath')
[2.092s] INFO:colcon.colcon_core.shell:Creating environment hook '/home/kunal-jazzy/ROS2_Vision/install/rover_control/share/rover_control/hook/pythonpath.ps1'
[2.093s] INFO:colcon.colcon_core.shell:Creating environment descriptor '/home/kunal-jazzy/ROS2_Vision/install/rover_control/share/rover_control/hook/pythonpath.dsv'
[2.093s] INFO:colcon.colcon_core.shell:Creating environment hook '/home/kunal-jazzy/ROS2_Vision/install/rover_control/share/rover_control/hook/pythonpath.sh'
[2.094s] Level 1:colcon.colcon_core.environment:checking '/home/kunal-jazzy/ROS2_Vision/install/rover_control/bin'
[2.094s] Level 1:colcon.colcon_core.environment:create_environment_scripts_only(rover_control)
[2.094s] INFO:colcon.colcon_core.shell:Creating package script '/home/kunal-jazzy/ROS2_Vision/install/rover_control/share/rover_control/package.ps1'
[2.095s] INFO:colcon.colcon_core.shell:Creating package descriptor '/home/kunal-jazzy/ROS2_Vision/install/rover_control/share/rover_control/package.dsv'
[2.095s] INFO:colcon.colcon_core.shell:Creating package script '/home/kunal-jazzy/ROS2_Vision/install/rover_control/share/rover_control/package.sh'
[2.096s] INFO:colcon.colcon_core.shell:Creating package script '/home/kunal-jazzy/ROS2_Vision/install/rover_control/share/rover_control/package.bash'
[2.096s] INFO:colcon.colcon_core.shell:Creating package script '/home/kunal-jazzy/ROS2_Vision/install/rover_control/share/rover_control/package.zsh'
[2.096s] Level 1:colcon.colcon_core.environment:create_file_with_runtime_dependencies(/home/kunal-jazzy/ROS2_Vision/install/rover_control/share/colcon-core/packages/rover_control)
[2.097s] DEBUG:colcon.colcon_parallel_executor.executor.parallel:closing loop
[2.097s] DEBUG:colcon.colcon_parallel_executor.executor.parallel:loop closed
[2.097s] DEBUG:colcon.colcon_parallel_executor.executor.parallel:run_until_complete finished with '0'
[2.097s] DEBUG:colcon.colcon_core.event_reactor:joining thread
[2.106s] INFO:colcon.colcon_core.plugin_system:Skipping extension 'colcon_notification.desktop_notification.terminal_notifier': Not used on non-Darwin systems
[2.106s] INFO:colcon.colcon_core.plugin_system:Skipping extension 'colcon_notification.desktop_notification.win32': Not used on non-Windows systems
[2.106s] INFO:colcon.colcon_notification.desktop_notification:Sending desktop notification using 'notify2'
[2.127s] DEBUG:colcon.colcon_core.event_reactor:joined thread
[2.127s] INFO:colcon.colcon_core.shell:Creating prefix script '/home/kunal-jazzy/ROS2_Vision/install/local_setup.ps1'
[2.129s] INFO:colcon.colcon_core.shell:Creating prefix util module '/home/kunal-jazzy/ROS2_Vision/install/_local_setup_util_ps1.py'
[2.131s] INFO:colcon.colcon_core.shell:Creating prefix chain script '/home/kunal-jazzy/ROS2_Vision/install/setup.ps1'
[2.133s] INFO:colcon.colcon_core.shell:Creating prefix script '/home/kunal-jazzy/ROS2_Vision/install/local_setup.sh'
[2.134s] INFO:colcon.colcon_core.shell:Creating prefix util module '/home/kunal-jazzy/ROS2_Vision/install/_local_setup_util_sh.py'
[2.135s] INFO:colcon.colcon_core.shell:Creating prefix chain script '/home/kunal-jazzy/ROS2_Vision/install/setup.sh'
[2.137s] INFO:colcon.colcon_core.shell:Creating prefix script '/home/kunal-jazzy/ROS2_Vision/install/local_setup.bash'
[2.137s] INFO:colcon.colcon_core.shell:Creating prefix chain script '/home/kunal-jazzy/ROS2_Vision/install/setup.bash'
[2.139s] INFO:colcon.colcon_core.shell:Creating prefix script '/home/kunal-jazzy/ROS2_Vision/install/local_setup.zsh'
[2.140s] INFO:colcon.colcon_core.shell:Creating prefix chain script '/home/kunal-jazzy/ROS2_Vision/install/setup.zsh'
