[0.121s] DEBUG:colcon:Command line arguments: ['/usr/bin/colcon', 'build']
[0.121s] DEBUG:colcon:Parsed command line arguments: Namespace(log_base=None, log_level=None, verb_name='build', build_base='build', install_base='install', merge_install=False, symlink_install=False, test_result_base=None, continue_on_error=False, executor='parallel', parallel_workers=12, event_handlers=None, ignore_user_meta=False, metas=['./colcon.meta'], base_paths=['.'], packages_ignore=None, packages_ignore_regex=None, paths=None, packages_up_to=None, packages_up_to_regex=None, packages_above=None, packages_above_and_dependencies=None, packages_above_depth=None, packages_select_by_dep=None, packages_skip_by_dep=None, packages_skip_up_to=None, packages_select_build_failed=False, packages_skip_build_finished=False, packages_select_test_failures=False, packages_skip_test_passed=False, packages_select=None, packages_skip=None, packages_select_regex=None, packages_skip_regex=None, packages_start=None, packages_end=None, allow_overriding=[], cmake_args=None, cmake_target=None, cmake_target_skip_unavailable=False, cmake_clean_cache=False, cmake_clean_first=False, cmake_force_configure=False, ament_cmake_args=None, catkin_cmake_args=None, catkin_skip_building_tests=False, mixin_files=None, mixin=None, verb_parser=<colcon_mixin.mixin.mixin_argument.MixinArgumentDecorator object at 0x7aa00a5a6390>, verb_extension=<colcon_core.verb.build.BuildVerb object at 0x7aa00a5a60c0>, main=<bound method BuildVerb.main of <colcon_core.verb.build.BuildVerb object at 0x7aa00a5a60c0>>, mixin_verb=('build',))
[0.166s] Level 1:colcon.colcon_core.package_discovery:discover_packages(colcon_meta) check parameters
[0.166s] Level 1:colcon.colcon_core.package_discovery:discover_packages(recursive) check parameters
[0.166s] Level 1:colcon.colcon_core.package_discovery:discover_packages(ignore) check parameters
[0.166s] Level 1:colcon.colcon_core.package_discovery:discover_packages(path) check parameters
[0.166s] Level 1:colcon.colcon_core.package_discovery:discover_packages(colcon_meta) discover
[0.166s] Level 1:colcon.colcon_core.package_discovery:discover_packages(recursive) discover
[0.166s] INFO:colcon.colcon_core.package_discovery:Crawling recursively for packages in '/home/kunal-jazzy/ROS2_Vision'
[0.166s] Level 1:colcon.colcon_core.package_identification:_identify(.) by extensions ['ignore', 'ignore_ament_install']
[0.166s] Level 1:colcon.colcon_core.package_identification:_identify(.) by extension 'ignore'
[0.166s] Level 1:colcon.colcon_core.package_identification:_identify(.) by extension 'ignore_ament_install'
[0.166s] Level 1:colcon.colcon_core.package_identification:_identify(.) by extensions ['colcon_pkg']
[0.167s] Level 1:colcon.colcon_core.package_identification:_identify(.) by extension 'colcon_pkg'
[0.167s] Level 1:colcon.colcon_core.package_identification:_identify(.) by extensions ['colcon_meta']
[0.167s] Level 1:colcon.colcon_core.package_identification:_identify(.) by extension 'colcon_meta'
[0.167s] Level 1:colcon.colcon_core.package_identification:_identify(.) by extensions ['ros']
[0.167s] Level 1:colcon.colcon_core.package_identification:_identify(.) by extension 'ros'
[0.197s] Level 1:colcon.colcon_core.package_identification:_identify(.) by extensions ['cmake', 'python']
[0.198s] Level 1:colcon.colcon_core.package_identification:_identify(.) by extension 'cmake'
[0.198s] Level 1:colcon.colcon_core.package_identification:_identify(.) by extension 'python'
[0.198s] Level 1:colcon.colcon_core.package_identification:_identify(.) by extensions ['python_setup_py']
[0.198s] Level 1:colcon.colcon_core.package_identification:_identify(.) by extension 'python_setup_py'
[0.198s] Level 1:colcon.colcon_core.package_identification:_identify(build) by extensions ['ignore', 'ignore_ament_install']
[0.198s] Level 1:colcon.colcon_core.package_identification:_identify(build) by extension 'ignore'
[0.198s] Level 1:colcon.colcon_core.package_identification:_identify(build) ignored
[0.198s] Level 1:colcon.colcon_core.package_identification:_identify(install) by extensions ['ignore', 'ignore_ament_install']
[0.198s] Level 1:colcon.colcon_core.package_identification:_identify(install) by extension 'ignore'
[0.198s] Level 1:colcon.colcon_core.package_identification:_identify(install) ignored
[0.198s] Level 1:colcon.colcon_core.package_identification:_identify(log) by extensions ['ignore', 'ignore_ament_install']
[0.199s] Level 1:colcon.colcon_core.package_identification:_identify(log) by extension 'ignore'
[0.199s] Level 1:colcon.colcon_core.package_identification:_identify(log) ignored
[0.199s] Level 1:colcon.colcon_core.package_identification:_identify(src) by extensions ['ignore', 'ignore_ament_install']
[0.199s] Level 1:colcon.colcon_core.package_identification:_identify(src) by extension 'ignore'
[0.199s] Level 1:colcon.colcon_core.package_identification:_identify(src) by extension 'ignore_ament_install'
[0.199s] Level 1:colcon.colcon_core.package_identification:_identify(src) by extensions ['colcon_pkg']
[0.199s] Level 1:colcon.colcon_core.package_identification:_identify(src) by extension 'colcon_pkg'
[0.199s] Level 1:colcon.colcon_core.package_identification:_identify(src) by extensions ['colcon_meta']
[0.199s] Level 1:colcon.colcon_core.package_identification:_identify(src) by extension 'colcon_meta'
[0.199s] Level 1:colcon.colcon_core.package_identification:_identify(src) by extensions ['ros']
[0.199s] Level 1:colcon.colcon_core.package_identification:_identify(src) by extension 'ros'
[0.199s] Level 1:colcon.colcon_core.package_identification:_identify(src) by extensions ['cmake', 'python']
[0.199s] Level 1:colcon.colcon_core.package_identification:_identify(src) by extension 'cmake'
[0.199s] Level 1:colcon.colcon_core.package_identification:_identify(src) by extension 'python'
[0.199s] Level 1:colcon.colcon_core.package_identification:_identify(src) by extensions ['python_setup_py']
[0.199s] Level 1:colcon.colcon_core.package_identification:_identify(src) by extension 'python_setup_py'
[0.199s] Level 1:colcon.colcon_core.package_identification:_identify(src/log) by extensions ['ignore', 'ignore_ament_install']
[0.199s] Level 1:colcon.colcon_core.package_identification:_identify(src/log) by extension 'ignore'
[0.199s] Level 1:colcon.colcon_core.package_identification:_identify(src/log) ignored
[0.200s] Level 1:colcon.colcon_core.package_identification:_identify(src/rover_bringup) by extensions ['ignore', 'ignore_ament_install']
[0.200s] Level 1:colcon.colcon_core.package_identification:_identify(src/rover_bringup) by extension 'ignore'
[0.200s] Level 1:colcon.colcon_core.package_identification:_identify(src/rover_bringup) by extension 'ignore_ament_install'
[0.200s] Level 1:colcon.colcon_core.package_identification:_identify(src/rover_bringup) by extensions ['colcon_pkg']
[0.200s] Level 1:colcon.colcon_core.package_identification:_identify(src/rover_bringup) by extension 'colcon_pkg'
[0.200s] Level 1:colcon.colcon_core.package_identification:_identify(src/rover_bringup) by extensions ['colcon_meta']
[0.200s] Level 1:colcon.colcon_core.package_identification:_identify(src/rover_bringup) by extension 'colcon_meta'
[0.200s] Level 1:colcon.colcon_core.package_identification:_identify(src/rover_bringup) by extensions ['ros']
[0.200s] Level 1:colcon.colcon_core.package_identification:_identify(src/rover_bringup) by extension 'ros'
[0.203s] DEBUG:colcon.colcon_core.package_identification:Package 'src/rover_bringup' with type 'ros.ament_cmake' and name 'rover_bringup'
[0.203s] Level 1:colcon.colcon_core.package_identification:_identify(src/rover_control) by extensions ['ignore', 'ignore_ament_install']
[0.203s] Level 1:colcon.colcon_core.package_identification:_identify(src/rover_control) by extension 'ignore'
[0.203s] Level 1:colcon.colcon_core.package_identification:_identify(src/rover_control) by extension 'ignore_ament_install'
[0.203s] Level 1:colcon.colcon_core.package_identification:_identify(src/rover_control) by extensions ['colcon_pkg']
[0.203s] Level 1:colcon.colcon_core.package_identification:_identify(src/rover_control) by extension 'colcon_pkg'
[0.203s] Level 1:colcon.colcon_core.package_identification:_identify(src/rover_control) by extensions ['colcon_meta']
[0.203s] Level 1:colcon.colcon_core.package_identification:_identify(src/rover_control) by extension 'colcon_meta'
[0.203s] Level 1:colcon.colcon_core.package_identification:_identify(src/rover_control) by extensions ['ros']
[0.203s] Level 1:colcon.colcon_core.package_identification:_identify(src/rover_control) by extension 'ros'
[0.204s] DEBUG:colcon.colcon_core.package_identification:Package 'src/rover_control' with type 'ros.ament_python' and name 'rover_control'
[0.204s] Level 1:colcon.colcon_core.package_identification:_identify(src/rover_description) by extensions ['ignore', 'ignore_ament_install']
[0.204s] Level 1:colcon.colcon_core.package_identification:_identify(src/rover_description) by extension 'ignore'
[0.204s] Level 1:colcon.colcon_core.package_identification:_identify(src/rover_description) by extension 'ignore_ament_install'
[0.204s] Level 1:colcon.colcon_core.package_identification:_identify(src/rover_description) by extensions ['colcon_pkg']
[0.204s] Level 1:colcon.colcon_core.package_identification:_identify(src/rover_description) by extension 'colcon_pkg'
[0.204s] Level 1:colcon.colcon_core.package_identification:_identify(src/rover_description) by extensions ['colcon_meta']
[0.204s] Level 1:colcon.colcon_core.package_identification:_identify(src/rover_description) by extension 'colcon_meta'
[0.204s] Level 1:colcon.colcon_core.package_identification:_identify(src/rover_description) by extensions ['ros']
[0.204s] Level 1:colcon.colcon_core.package_identification:_identify(src/rover_description) by extension 'ros'
[0.205s] DEBUG:colcon.colcon_core.package_identification:Package 'src/rover_description' with type 'ros.ament_cmake' and name 'rover_description'
[0.205s] Level 1:colcon.colcon_core.package_discovery:discover_packages(recursive) using defaults
[0.205s] Level 1:colcon.colcon_core.package_discovery:discover_packages(ignore) discover
[0.205s] Level 1:colcon.colcon_core.package_discovery:discover_packages(ignore) using defaults
[0.205s] Level 1:colcon.colcon_core.package_discovery:discover_packages(path) discover
[0.205s] Level 1:colcon.colcon_core.package_discovery:discover_packages(path) using defaults
[0.226s] Level 1:colcon.colcon_core.package_discovery:discover_packages(prefix_path) check parameters
[0.226s] Level 1:colcon.colcon_core.package_discovery:discover_packages(prefix_path) discover
[0.229s] DEBUG:colcon.colcon_installed_package_information.package_discovery:Found 3 installed packages in /home/kunal-jazzy/ROS2_Vision/install
[0.229s] DEBUG:colcon.colcon_installed_package_information.package_discovery:Found 3 installed packages in /home/kunal-jazzy/vision_autonomous_rover/install
[0.229s] DEBUG:colcon.colcon_installed_package_information.package_discovery:Found 3 installed packages in /home/kunal-jazzy/Desktop/fws_robot_harmonic/install
[0.230s] DEBUG:colcon.colcon_installed_package_information.package_discovery:Found 2 installed packages in /home/kunal-jazzy/my_robot_ws/install
[0.231s] DEBUG:colcon.colcon_installed_package_information.package_discovery:Found 319 installed packages in /opt/ros/jazzy
[0.233s] Level 1:colcon.colcon_core.package_discovery:discover_packages(prefix_path) using defaults
[0.277s] Level 5:colcon.colcon_core.verb:set package 'rover_bringup' build argument 'cmake_args' from command line to 'None'
[0.277s] Level 5:colcon.colcon_core.verb:set package 'rover_bringup' build argument 'cmake_target' from command line to 'None'
[0.277s] Level 5:colcon.colcon_core.verb:set package 'rover_bringup' build argument 'cmake_target_skip_unavailable' from command line to 'False'
[0.277s] Level 5:colcon.colcon_core.verb:set package 'rover_bringup' build argument 'cmake_clean_cache' from command line to 'False'
[0.277s] Level 5:colcon.colcon_core.verb:set package 'rover_bringup' build argument 'cmake_clean_first' from command line to 'False'
[0.277s] Level 5:colcon.colcon_core.verb:set package 'rover_bringup' build argument 'cmake_force_configure' from command line to 'False'
[0.277s] Level 5:colcon.colcon_core.verb:set package 'rover_bringup' build argument 'ament_cmake_args' from command line to 'None'
[0.277s] Level 5:colcon.colcon_core.verb:set package 'rover_bringup' build argument 'catkin_cmake_args' from command line to 'None'
[0.277s] Level 5:colcon.colcon_core.verb:set package 'rover_bringup' build argument 'catkin_skip_building_tests' from command line to 'False'
[0.277s] DEBUG:colcon.colcon_core.verb:Building package 'rover_bringup' with the following arguments: {'ament_cmake_args': None, 'build_base': '/home/kunal-jazzy/ROS2_Vision/build/rover_bringup', 'catkin_cmake_args': None, 'catkin_skip_building_tests': False, 'cmake_args': None, 'cmake_clean_cache': False, 'cmake_clean_first': False, 'cmake_force_configure': False, 'cmake_target': None, 'cmake_target_skip_unavailable': False, 'install_base': '/home/kunal-jazzy/ROS2_Vision/install/rover_bringup', 'merge_install': False, 'path': '/home/kunal-jazzy/ROS2_Vision/src/rover_bringup', 'symlink_install': False, 'test_result_base': None}
[0.278s] Level 5:colcon.colcon_core.verb:set package 'rover_control' build argument 'cmake_args' from command line to 'None'
[0.278s] Level 5:colcon.colcon_core.verb:set package 'rover_control' build argument 'cmake_target' from command line to 'None'
[0.278s] Level 5:colcon.colcon_core.verb:set package 'rover_control' build argument 'cmake_target_skip_unavailable' from command line to 'False'
[0.278s] Level 5:colcon.colcon_core.verb:set package 'rover_control' build argument 'cmake_clean_cache' from command line to 'False'
[0.278s] Level 5:colcon.colcon_core.verb:set package 'rover_control' build argument 'cmake_clean_first' from command line to 'False'
[0.278s] Level 5:colcon.colcon_core.verb:set package 'rover_control' build argument 'cmake_force_configure' from command line to 'False'
[0.278s] Level 5:colcon.colcon_core.verb:set package 'rover_control' build argument 'ament_cmake_args' from command line to 'None'
[0.278s] Level 5:colcon.colcon_core.verb:set package 'rover_control' build argument 'catkin_cmake_args' from command line to 'None'
[0.278s] Level 5:colcon.colcon_core.verb:set package 'rover_control' build argument 'catkin_skip_building_tests' from command line to 'False'
[0.278s] DEBUG:colcon.colcon_core.verb:Building package 'rover_control' with the following arguments: {'ament_cmake_args': None, 'build_base': '/home/kunal-jazzy/ROS2_Vision/build/rover_control', 'catkin_cmake_args': None, 'catkin_skip_building_tests': False, 'cmake_args': None, 'cmake_clean_cache': False, 'cmake_clean_first': False, 'cmake_force_configure': False, 'cmake_target': None, 'cmake_target_skip_unavailable': False, 'install_base': '/home/kunal-jazzy/ROS2_Vision/install/rover_control', 'merge_install': False, 'path': '/home/kunal-jazzy/ROS2_Vision/src/rover_control', 'symlink_install': False, 'test_result_base': None}
[0.278s] Level 5:colcon.colcon_core.verb:set package 'rover_description' build argument 'cmake_args' from command line to 'None'
[0.278s] Level 5:colcon.colcon_core.verb:set package 'rover_description' build argument 'cmake_target' from command line to 'None'
[0.278s] Level 5:colcon.colcon_core.verb:set package 'rover_description' build argument 'cmake_target_skip_unavailable' from command line to 'False'
[0.278s] Level 5:colcon.colcon_core.verb:set package 'rover_description' build argument 'cmake_clean_cache' from command line to 'False'
[0.278s] Level 5:colcon.colcon_core.verb:set package 'rover_description' build argument 'cmake_clean_first' from command line to 'False'
[0.278s] Level 5:colcon.colcon_core.verb:set package 'rover_description' build argument 'cmake_force_configure' from command line to 'False'
[0.278s] Level 5:colcon.colcon_core.verb:set package 'rover_description' build argument 'ament_cmake_args' from command line to 'None'
[0.278s] Level 5:colcon.colcon_core.verb:set package 'rover_description' build argument 'catkin_cmake_args' from command line to 'None'
[0.278s] Level 5:colcon.colcon_core.verb:set package 'rover_description' build argument 'catkin_skip_building_tests' from command line to 'False'
[0.278s] DEBUG:colcon.colcon_core.verb:Building package 'rover_description' with the following arguments: {'ament_cmake_args': None, 'build_base': '/home/kunal-jazzy/ROS2_Vision/build/rover_description', 'catkin_cmake_args': None, 'catkin_skip_building_tests': False, 'cmake_args': None, 'cmake_clean_cache': False, 'cmake_clean_first': False, 'cmake_force_configure': False, 'cmake_target': None, 'cmake_target_skip_unavailable': False, 'install_base': '/home/kunal-jazzy/ROS2_Vision/install/rover_description', 'merge_install': False, 'path': '/home/kunal-jazzy/ROS2_Vision/src/rover_description', 'symlink_install': False, 'test_result_base': None}
[0.278s] INFO:colcon.colcon_core.executor:Executing jobs using 'parallel' executor
[0.280s] DEBUG:colcon.colcon_parallel_executor.executor.parallel:run_until_complete
[0.280s] INFO:colcon.colcon_ros.task.ament_cmake.build:Building ROS package in '/home/kunal-jazzy/ROS2_Vision/src/rover_bringup' with build type 'ament_cmake'
[0.280s] INFO:colcon.colcon_cmake.task.cmake.build:Building CMake package in '/home/kunal-jazzy/ROS2_Vision/src/rover_bringup'
[0.282s] INFO:colcon.colcon_core.plugin_system:Skipping extension 'colcon_core.shell.bat': Not used on non-Windows systems
[0.282s] INFO:colcon.colcon_core.shell:Skip shell extension 'powershell' for command environment: Not usable outside of PowerShell
[0.282s] DEBUG:colcon.colcon_core.shell:Skip shell extension 'dsv' for command environment
[0.288s] INFO:colcon.colcon_ros.task.ament_python.build:Building ROS package in '/home/kunal-jazzy/ROS2_Vision/src/rover_control' with build type 'ament_python'
[0.288s] Level 1:colcon.colcon_core.shell:create_environment_hook('rover_control', 'ament_prefix_path')
[0.288s] INFO:colcon.colcon_core.shell:Creating environment hook '/home/kunal-jazzy/ROS2_Vision/install/rover_control/share/rover_control/hook/ament_prefix_path.ps1'
[0.289s] INFO:colcon.colcon_core.shell:Creating environment descriptor '/home/kunal-jazzy/ROS2_Vision/install/rover_control/share/rover_control/hook/ament_prefix_path.dsv'
[0.290s] INFO:colcon.colcon_core.shell:Creating environment hook '/home/kunal-jazzy/ROS2_Vision/install/rover_control/share/rover_control/hook/ament_prefix_path.sh'
[0.290s] INFO:colcon.colcon_core.shell:Skip shell extension 'powershell' for command environment: Not usable outside of PowerShell
[0.290s] DEBUG:colcon.colcon_core.shell:Skip shell extension 'dsv' for command environment
[0.295s] INFO:colcon.colcon_ros.task.ament_cmake.build:Building ROS package in '/home/kunal-jazzy/ROS2_Vision/src/rover_description' with build type 'ament_cmake'
[0.295s] INFO:colcon.colcon_cmake.task.cmake.build:Building CMake package in '/home/kunal-jazzy/ROS2_Vision/src/rover_description'
[0.295s] INFO:colcon.colcon_core.shell:Skip shell extension 'powershell' for command environment: Not usable outside of PowerShell
[0.295s] DEBUG:colcon.colcon_core.shell:Skip shell extension 'dsv' for command environment
[0.308s] DEBUG:colcon.colcon_core.event_handler.log_command:Invoking command in '/home/kunal-jazzy/ROS2_Vision/build/rover_bringup': CMAKE_PREFIX_PATH=${CMAKE_PREFIX_PATH}:/home/kunal-jazzy/ROS2_Vision/install/rover_control:/home/kunal-jazzy/vision_autonomous_rover/install/rover_control:/opt/ros/jazzy DEBUGINFOD_URLS=https://debuginfod.ubuntu.com /usr/bin/cmake --build /home/kunal-jazzy/ROS2_Vision/build/rover_bringup -- -j12 -l12
[0.570s] INFO:colcon.colcon_core.task.python.build:Building Python package in '/home/kunal-jazzy/ROS2_Vision/src/rover_control'
[0.570s] INFO:colcon.colcon_core.shell:Skip shell extension 'powershell' for command environment: Not usable outside of PowerShell
[0.570s] DEBUG:colcon.colcon_core.shell:Skip shell extension 'dsv' for command environment
[0.579s] DEBUG:colcon.colcon_core.event_handler.log_command:Invoked command in '/home/kunal-jazzy/ROS2_Vision/build/rover_bringup' returned '0': CMAKE_PREFIX_PATH=${CMAKE_PREFIX_PATH}:/home/kunal-jazzy/ROS2_Vision/install/rover_control:/home/kunal-jazzy/vision_autonomous_rover/install/rover_control:/opt/ros/jazzy DEBUGINFOD_URLS=https://debuginfod.ubuntu.com /usr/bin/cmake --build /home/kunal-jazzy/ROS2_Vision/build/rover_bringup -- -j12 -l12
[0.593s] DEBUG:colcon.colcon_core.event_handler.log_command:Invoking command in '/home/kunal-jazzy/ROS2_Vision/build/rover_bringup': CMAKE_PREFIX_PATH=${CMAKE_PREFIX_PATH}:/home/kunal-jazzy/ROS2_Vision/install/rover_control:/home/kunal-jazzy/vision_autonomous_rover/install/rover_control:/opt/ros/jazzy DEBUGINFOD_URLS=https://debuginfod.ubuntu.com /usr/bin/cmake --install /home/kunal-jazzy/ROS2_Vision/build/rover_bringup
[0.600s] DEBUG:colcon.colcon_core.event_handler.log_command:Invoking command in '/home/kunal-jazzy/ROS2_Vision/build/rover_description': CMAKE_PREFIX_PATH=${CMAKE_PREFIX_PATH}:/home/kunal-jazzy/ROS2_Vision/install/rover_control:/home/kunal-jazzy/vision_autonomous_rover/install/rover_control:/opt/ros/jazzy DEBUGINFOD_URLS=https://debuginfod.ubuntu.com /usr/bin/cmake --build /home/kunal-jazzy/ROS2_Vision/build/rover_description -- -j12 -l12
[0.612s] Level 1:colcon.colcon_core.environment:create_environment_scripts_only(rover_bringup)
[0.614s] DEBUG:colcon.colcon_core.event_handler.log_command:Invoked command in '/home/kunal-jazzy/ROS2_Vision/build/rover_bringup' returned '0': CMAKE_PREFIX_PATH=${CMAKE_PREFIX_PATH}:/home/kunal-jazzy/ROS2_Vision/install/rover_control:/home/kunal-jazzy/vision_autonomous_rover/install/rover_control:/opt/ros/jazzy DEBUGINFOD_URLS=https://debuginfod.ubuntu.com /usr/bin/cmake --install /home/kunal-jazzy/ROS2_Vision/build/rover_bringup
[0.616s] Level 1:colcon.colcon_core.environment:checking '/home/kunal-jazzy/ROS2_Vision/install/rover_bringup' for CMake module files
[0.617s] Level 1:colcon.colcon_core.environment:checking '/home/kunal-jazzy/ROS2_Vision/install/rover_bringup' for CMake config files
[0.617s] Level 1:colcon.colcon_core.shell:create_environment_hook('rover_bringup', 'cmake_prefix_path')
[0.617s] INFO:colcon.colcon_core.shell:Creating environment hook '/home/kunal-jazzy/ROS2_Vision/install/rover_bringup/share/rover_bringup/hook/cmake_prefix_path.ps1'
[0.618s] INFO:colcon.colcon_core.shell:Creating environment descriptor '/home/kunal-jazzy/ROS2_Vision/install/rover_bringup/share/rover_bringup/hook/cmake_prefix_path.dsv'
[0.618s] INFO:colcon.colcon_core.shell:Creating environment hook '/home/kunal-jazzy/ROS2_Vision/install/rover_bringup/share/rover_bringup/hook/cmake_prefix_path.sh'
[0.619s] Level 1:colcon.colcon_core.environment:checking '/home/kunal-jazzy/ROS2_Vision/install/rover_bringup/bin'
[0.619s] Level 1:colcon.colcon_core.environment:checking '/home/kunal-jazzy/ROS2_Vision/install/rover_bringup/lib/pkgconfig/rover_bringup.pc'
[0.620s] Level 1:colcon.colcon_core.environment:checking '/home/kunal-jazzy/ROS2_Vision/install/rover_bringup/lib/python3.12/site-packages'
[0.620s] Level 1:colcon.colcon_core.environment:checking '/home/kunal-jazzy/ROS2_Vision/install/rover_bringup/bin'
[0.620s] INFO:colcon.colcon_core.shell:Creating package script '/home/kunal-jazzy/ROS2_Vision/install/rover_bringup/share/rover_bringup/package.ps1'
[0.621s] INFO:colcon.colcon_core.shell:Creating package descriptor '/home/kunal-jazzy/ROS2_Vision/install/rover_bringup/share/rover_bringup/package.dsv'
[0.622s] INFO:colcon.colcon_core.shell:Creating package script '/home/kunal-jazzy/ROS2_Vision/install/rover_bringup/share/rover_bringup/package.sh'
[0.622s] INFO:colcon.colcon_core.shell:Creating package script '/home/kunal-jazzy/ROS2_Vision/install/rover_bringup/share/rover_bringup/package.bash'
[0.623s] INFO:colcon.colcon_core.shell:Creating package script '/home/kunal-jazzy/ROS2_Vision/install/rover_bringup/share/rover_bringup/package.zsh'
[0.623s] Level 1:colcon.colcon_core.environment:create_file_with_runtime_dependencies(/home/kunal-jazzy/ROS2_Vision/install/rover_bringup/share/colcon-core/packages/rover_bringup)
[0.624s] Level 1:colcon.colcon_core.environment:create_environment_scripts_only(rover_bringup)
[0.624s] Level 1:colcon.colcon_core.environment:checking '/home/kunal-jazzy/ROS2_Vision/install/rover_bringup' for CMake module files
[0.625s] Level 1:colcon.colcon_core.environment:checking '/home/kunal-jazzy/ROS2_Vision/install/rover_bringup' for CMake config files
[0.625s] Level 1:colcon.colcon_core.shell:create_environment_hook('rover_bringup', 'cmake_prefix_path')
[0.625s] INFO:colcon.colcon_core.shell:Creating environment hook '/home/kunal-jazzy/ROS2_Vision/install/rover_bringup/share/rover_bringup/hook/cmake_prefix_path.ps1'
[0.625s] INFO:colcon.colcon_core.shell:Creating environment descriptor '/home/kunal-jazzy/ROS2_Vision/install/rover_bringup/share/rover_bringup/hook/cmake_prefix_path.dsv'
[0.626s] INFO:colcon.colcon_core.shell:Creating environment hook '/home/kunal-jazzy/ROS2_Vision/install/rover_bringup/share/rover_bringup/hook/cmake_prefix_path.sh'
[0.626s] Level 1:colcon.colcon_core.environment:checking '/home/kunal-jazzy/ROS2_Vision/install/rover_bringup/bin'
[0.626s] Level 1:colcon.colcon_core.environment:checking '/home/kunal-jazzy/ROS2_Vision/install/rover_bringup/lib/pkgconfig/rover_bringup.pc'
[0.627s] Level 1:colcon.colcon_core.environment:checking '/home/kunal-jazzy/ROS2_Vision/install/rover_bringup/lib/python3.12/site-packages'
[0.627s] Level 1:colcon.colcon_core.environment:checking '/home/kunal-jazzy/ROS2_Vision/install/rover_bringup/bin'
[0.627s] INFO:colcon.colcon_core.shell:Creating package script '/home/kunal-jazzy/ROS2_Vision/install/rover_bringup/share/rover_bringup/package.ps1'
[0.628s] INFO:colcon.colcon_core.shell:Creating package descriptor '/home/kunal-jazzy/ROS2_Vision/install/rover_bringup/share/rover_bringup/package.dsv'
[0.628s] INFO:colcon.colcon_core.shell:Creating package script '/home/kunal-jazzy/ROS2_Vision/install/rover_bringup/share/rover_bringup/package.sh'
[0.629s] INFO:colcon.colcon_core.shell:Creating package script '/home/kunal-jazzy/ROS2_Vision/install/rover_bringup/share/rover_bringup/package.bash'
[0.629s] INFO:colcon.colcon_core.shell:Creating package script '/home/kunal-jazzy/ROS2_Vision/install/rover_bringup/share/rover_bringup/package.zsh'
[0.629s] Level 1:colcon.colcon_core.environment:create_file_with_runtime_dependencies(/home/kunal-jazzy/ROS2_Vision/install/rover_bringup/share/colcon-core/packages/rover_bringup)
[0.661s] DEBUG:colcon.colcon_core.event_handler.log_command:Invoked command in '/home/kunal-jazzy/ROS2_Vision/build/rover_description' returned '0': CMAKE_PREFIX_PATH=${CMAKE_PREFIX_PATH}:/home/kunal-jazzy/ROS2_Vision/install/rover_control:/home/kunal-jazzy/vision_autonomous_rover/install/rover_control:/opt/ros/jazzy DEBUGINFOD_URLS=https://debuginfod.ubuntu.com /usr/bin/cmake --build /home/kunal-jazzy/ROS2_Vision/build/rover_description -- -j12 -l12
[0.662s] DEBUG:colcon.colcon_core.event_handler.log_command:Invoking command in '/home/kunal-jazzy/ROS2_Vision/build/rover_description': CMAKE_PREFIX_PATH=${CMAKE_PREFIX_PATH}:/home/kunal-jazzy/ROS2_Vision/install/rover_control:/home/kunal-jazzy/vision_autonomous_rover/install/rover_control:/opt/ros/jazzy DEBUGINFOD_URLS=https://debuginfod.ubuntu.com /usr/bin/cmake --install /home/kunal-jazzy/ROS2_Vision/build/rover_description
[0.691s] Level 1:colcon.colcon_core.environment:create_environment_scripts_only(rover_description)
[0.691s] Level 1:colcon.colcon_core.environment:checking '/home/kunal-jazzy/ROS2_Vision/install/rover_description' for CMake module files
[0.692s] DEBUG:colcon.colcon_core.event_handler.log_command:Invoked command in '/home/kunal-jazzy/ROS2_Vision/build/rover_description' returned '0': CMAKE_PREFIX_PATH=${CMAKE_PREFIX_PATH}:/home/kunal-jazzy/ROS2_Vision/install/rover_control:/home/kunal-jazzy/vision_autonomous_rover/install/rover_control:/opt/ros/jazzy DEBUGINFOD_URLS=https://debuginfod.ubuntu.com /usr/bin/cmake --install /home/kunal-jazzy/ROS2_Vision/build/rover_description
[0.692s] Level 1:colcon.colcon_core.environment:checking '/home/kunal-jazzy/ROS2_Vision/install/rover_description' for CMake config files
[0.693s] Level 1:colcon.colcon_core.shell:create_environment_hook('rover_description', 'cmake_prefix_path')
[0.693s] INFO:colcon.colcon_core.shell:Creating environment hook '/home/kunal-jazzy/ROS2_Vision/install/rover_description/share/rover_description/hook/cmake_prefix_path.ps1'
[0.693s] INFO:colcon.colcon_core.shell:Creating environment descriptor '/home/kunal-jazzy/ROS2_Vision/install/rover_description/share/rover_description/hook/cmake_prefix_path.dsv'
[0.694s] INFO:colcon.colcon_core.shell:Creating environment hook '/home/kunal-jazzy/ROS2_Vision/install/rover_description/share/rover_description/hook/cmake_prefix_path.sh'
[0.694s] Level 1:colcon.colcon_core.environment:checking '/home/kunal-jazzy/ROS2_Vision/install/rover_description/bin'
[0.694s] Level 1:colcon.colcon_core.environment:checking '/home/kunal-jazzy/ROS2_Vision/install/rover_description/lib/pkgconfig/rover_description.pc'
[0.695s] Level 1:colcon.colcon_core.environment:checking '/home/kunal-jazzy/ROS2_Vision/install/rover_description/lib/python3.12/site-packages'
[0.695s] Level 1:colcon.colcon_core.environment:checking '/home/kunal-jazzy/ROS2_Vision/install/rover_description/bin'
[0.695s] INFO:colcon.colcon_core.shell:Creating package script '/home/kunal-jazzy/ROS2_Vision/install/rover_description/share/rover_description/package.ps1'
[0.696s] INFO:colcon.colcon_core.shell:Creating package descriptor '/home/kunal-jazzy/ROS2_Vision/install/rover_description/share/rover_description/package.dsv'
[0.696s] INFO:colcon.colcon_core.shell:Creating package script '/home/kunal-jazzy/ROS2_Vision/install/rover_description/share/rover_description/package.sh'
[0.697s] INFO:colcon.colcon_core.shell:Creating package script '/home/kunal-jazzy/ROS2_Vision/install/rover_description/share/rover_description/package.bash'
[0.697s] INFO:colcon.colcon_core.shell:Creating package script '/home/kunal-jazzy/ROS2_Vision/install/rover_description/share/rover_description/package.zsh'
[0.697s] Level 1:colcon.colcon_core.environment:create_file_with_runtime_dependencies(/home/kunal-jazzy/ROS2_Vision/install/rover_description/share/colcon-core/packages/rover_description)
[0.698s] Level 1:colcon.colcon_core.environment:create_environment_scripts_only(rover_description)
[0.698s] Level 1:colcon.colcon_core.environment:checking '/home/kunal-jazzy/ROS2_Vision/install/rover_description' for CMake module files
[0.698s] Level 1:colcon.colcon_core.environment:checking '/home/kunal-jazzy/ROS2_Vision/install/rover_description' for CMake config files
[0.699s] Level 1:colcon.colcon_core.shell:create_environment_hook('rover_description', 'cmake_prefix_path')
[0.699s] INFO:colcon.colcon_core.shell:Creating environment hook '/home/kunal-jazzy/ROS2_Vision/install/rover_description/share/rover_description/hook/cmake_prefix_path.ps1'
[0.699s] INFO:colcon.colcon_core.shell:Creating environment descriptor '/home/kunal-jazzy/ROS2_Vision/install/rover_description/share/rover_description/hook/cmake_prefix_path.dsv'
[0.700s] INFO:colcon.colcon_core.shell:Creating environment hook '/home/kunal-jazzy/ROS2_Vision/install/rover_description/share/rover_description/hook/cmake_prefix_path.sh'
[0.700s] Level 1:colcon.colcon_core.environment:checking '/home/kunal-jazzy/ROS2_Vision/install/rover_description/bin'
[0.700s] Level 1:colcon.colcon_core.environment:checking '/home/kunal-jazzy/ROS2_Vision/install/rover_description/lib/pkgconfig/rover_description.pc'
[0.701s] Level 1:colcon.colcon_core.environment:checking '/home/kunal-jazzy/ROS2_Vision/install/rover_description/lib/python3.12/site-packages'
[0.701s] Level 1:colcon.colcon_core.environment:checking '/home/kunal-jazzy/ROS2_Vision/install/rover_description/bin'
[0.701s] INFO:colcon.colcon_core.shell:Creating package script '/home/kunal-jazzy/ROS2_Vision/install/rover_description/share/rover_description/package.ps1'
[0.702s] INFO:colcon.colcon_core.shell:Creating package descriptor '/home/kunal-jazzy/ROS2_Vision/install/rover_description/share/rover_description/package.dsv'
[0.702s] INFO:colcon.colcon_core.shell:Creating package script '/home/kunal-jazzy/ROS2_Vision/install/rover_description/share/rover_description/package.sh'
[0.703s] INFO:colcon.colcon_core.shell:Creating package script '/home/kunal-jazzy/ROS2_Vision/install/rover_description/share/rover_description/package.bash'
[0.703s] INFO:colcon.colcon_core.shell:Creating package script '/home/kunal-jazzy/ROS2_Vision/install/rover_description/share/rover_description/package.zsh'
[0.704s] Level 1:colcon.colcon_core.environment:create_file_with_runtime_dependencies(/home/kunal-jazzy/ROS2_Vision/install/rover_description/share/colcon-core/packages/rover_description)
[1.290s] DEBUG:colcon.colcon_core.event_handler.log_command:Invoking command in '/home/kunal-jazzy/ROS2_Vision/src/rover_control': DEBUGINFOD_URLS=https://debuginfod.ubuntu.com PYTHONPATH=/home/kunal-jazzy/ROS2_Vision/build/rover_control/prefix_override:/usr/lib/python3/dist-packages/colcon_core/task/python/colcon_distutils_commands:/home/kunal-jazzy/ROS2_Vision/install/rover_control/lib/python3.12/site-packages:${PYTHONPATH} /usr/bin/python3 -W ignore:setup.py install is deprecated -W ignore:easy_install command is deprecated setup.py egg_info --egg-base ../../build/rover_control build --build-base /home/kunal-jazzy/ROS2_Vision/build/rover_control/build install --record /home/kunal-jazzy/ROS2_Vision/build/rover_control/install.log --single-version-externally-managed install_data
[1.896s] Level 1:colcon.colcon_core.environment:checking '/home/kunal-jazzy/ROS2_Vision/install/rover_control' for CMake module files
[1.896s] DEBUG:colcon.colcon_core.event_handler.log_command:Invoked command in '/home/kunal-jazzy/ROS2_Vision/src/rover_control' returned '0': DEBUGINFOD_URLS=https://debuginfod.ubuntu.com PYTHONPATH=/home/kunal-jazzy/ROS2_Vision/build/rover_control/prefix_override:/usr/lib/python3/dist-packages/colcon_core/task/python/colcon_distutils_commands:/home/kunal-jazzy/ROS2_Vision/install/rover_control/lib/python3.12/site-packages:${PYTHONPATH} /usr/bin/python3 -W ignore:setup.py install is deprecated -W ignore:easy_install command is deprecated setup.py egg_info --egg-base ../../build/rover_control build --build-base /home/kunal-jazzy/ROS2_Vision/build/rover_control/build install --record /home/kunal-jazzy/ROS2_Vision/build/rover_control/install.log --single-version-externally-managed install_data
[1.897s] Level 1:colcon.colcon_core.environment:checking '/home/kunal-jazzy/ROS2_Vision/install/rover_control' for CMake config files
[1.897s] Level 1:colcon.colcon_core.environment:checking '/home/kunal-jazzy/ROS2_Vision/install/rover_control/lib'
[1.897s] Level 1:colcon.colcon_core.environment:checking '/home/kunal-jazzy/ROS2_Vision/install/rover_control/bin'
[1.898s] Level 1:colcon.colcon_core.environment:checking '/home/kunal-jazzy/ROS2_Vision/install/rover_control/lib/pkgconfig/rover_control.pc'
[1.898s] Level 1:colcon.colcon_core.environment:checking '/home/kunal-jazzy/ROS2_Vision/install/rover_control/lib/python3.12/site-packages'
[1.898s] Level 1:colcon.colcon_core.shell:create_environment_hook('rover_control', 'pythonpath')
[1.898s] INFO:colcon.colcon_core.shell:Creating environment hook '/home/kunal-jazzy/ROS2_Vision/install/rover_control/share/rover_control/hook/pythonpath.ps1'
[1.899s] INFO:colcon.colcon_core.shell:Creating environment descriptor '/home/kunal-jazzy/ROS2_Vision/install/rover_control/share/rover_control/hook/pythonpath.dsv'
[1.899s] INFO:colcon.colcon_core.shell:Creating environment hook '/home/kunal-jazzy/ROS2_Vision/install/rover_control/share/rover_control/hook/pythonpath.sh'
[1.900s] Level 1:colcon.colcon_core.environment:checking '/home/kunal-jazzy/ROS2_Vision/install/rover_control/bin'
[1.900s] Level 1:colcon.colcon_core.environment:create_environment_scripts_only(rover_control)
[1.900s] INFO:colcon.colcon_core.shell:Creating package script '/home/kunal-jazzy/ROS2_Vision/install/rover_control/share/rover_control/package.ps1'
[1.901s] INFO:colcon.colcon_core.shell:Creating package descriptor '/home/kunal-jazzy/ROS2_Vision/install/rover_control/share/rover_control/package.dsv'
[1.901s] INFO:colcon.colcon_core.shell:Creating package script '/home/kunal-jazzy/ROS2_Vision/install/rover_control/share/rover_control/package.sh'
[1.901s] INFO:colcon.colcon_core.shell:Creating package script '/home/kunal-jazzy/ROS2_Vision/install/rover_control/share/rover_control/package.bash'
[1.902s] INFO:colcon.colcon_core.shell:Creating package script '/home/kunal-jazzy/ROS2_Vision/install/rover_control/share/rover_control/package.zsh'
[1.902s] Level 1:colcon.colcon_core.environment:create_file_with_runtime_dependencies(/home/kunal-jazzy/ROS2_Vision/install/rover_control/share/colcon-core/packages/rover_control)
[1.903s] DEBUG:colcon.colcon_parallel_executor.executor.parallel:closing loop
[1.903s] DEBUG:colcon.colcon_parallel_executor.executor.parallel:loop closed
[1.903s] DEBUG:colcon.colcon_parallel_executor.executor.parallel:run_until_complete finished with '0'
[1.903s] DEBUG:colcon.colcon_core.event_reactor:joining thread
[1.910s] INFO:colcon.colcon_core.plugin_system:Skipping extension 'colcon_notification.desktop_notification.terminal_notifier': Not used on non-Darwin systems
[1.910s] INFO:colcon.colcon_core.plugin_system:Skipping extension 'colcon_notification.desktop_notification.win32': Not used on non-Windows systems
[1.910s] INFO:colcon.colcon_notification.desktop_notification:Sending desktop notification using 'notify2'
[1.931s] DEBUG:colcon.colcon_core.event_reactor:joined thread
[1.931s] INFO:colcon.colcon_core.shell:Creating prefix script '/home/kunal-jazzy/ROS2_Vision/install/local_setup.ps1'
[1.932s] INFO:colcon.colcon_core.shell:Creating prefix util module '/home/kunal-jazzy/ROS2_Vision/install/_local_setup_util_ps1.py'
[1.934s] INFO:colcon.colcon_core.shell:Creating prefix chain script '/home/kunal-jazzy/ROS2_Vision/install/setup.ps1'
[1.936s] INFO:colcon.colcon_core.shell:Creating prefix script '/home/kunal-jazzy/ROS2_Vision/install/local_setup.sh'
[1.936s] INFO:colcon.colcon_core.shell:Creating prefix util module '/home/kunal-jazzy/ROS2_Vision/install/_local_setup_util_sh.py'
[1.937s] INFO:colcon.colcon_core.shell:Creating prefix chain script '/home/kunal-jazzy/ROS2_Vision/install/setup.sh'
[1.939s] INFO:colcon.colcon_core.shell:Creating prefix script '/home/kunal-jazzy/ROS2_Vision/install/local_setup.bash'
[1.940s] INFO:colcon.colcon_core.shell:Creating prefix chain script '/home/kunal-jazzy/ROS2_Vision/install/setup.bash'
[1.942s] INFO:colcon.colcon_core.shell:Creating prefix script '/home/kunal-jazzy/ROS2_Vision/install/local_setup.zsh'
[1.943s] INFO:colcon.colcon_core.shell:Creating prefix chain script '/home/kunal-jazzy/ROS2_Vision/install/setup.zsh'
