[0.025s] Invoking command in '/home/kunal-jazzy/ROS2_Vision/build/rover_bringup': CMAKE_PREFIX_PATH=${CMAKE_PREFIX_PATH}:/home/kunal-jazzy/ROS2_Vision/install/rover_control:/home/kunal-jazzy/vision_autonomous_rover/install/rover_control:/opt/ros/jazzy DEBUGINFOD_URLS=https://debuginfod.ubuntu.com /usr/bin/cmake /home/kunal-jazzy/ROS2_Vision/src/rover_bringup -DCMAKE_INSTALL_PREFIX=/home/kunal-jazzy/ROS2_Vision/install/rover_bringup
[0.312s] -- The C compiler identification is GNU 13.3.0
[0.313s] -- The CXX compiler identification is GNU 13.3.0
[0.313s] -- Detecting C compiler ABI info
[0.331s] -- Detecting C compiler ABI info - done
[0.352s] -- Check for working C compiler: /usr/bin/cc - skipped
[0.352s] -- Detecting C compile features
[0.353s] -- Detecting C compile features - done
[0.373s] -- Detecting CXX compiler ABI info
[0.513s] -- Detecting CXX compiler ABI info - done
[0.530s] -- Check for working CXX compiler: /usr/bin/c++ - skipped
[0.530s] -- Detecting CXX compile features
[0.531s] -- Detecting CXX compile features - done
[0.537s] -- Found ament_cmake: 2.5.4 (/opt/ros/jazzy/share/ament_cmake/cmake)
[0.781s] -- Found Python3: /usr/bin/python3 (found version "3.12.3") found components: Interpreter 
[1.045s] -- Configuring done (1.0s)
[1.047s] -- Generating done (0.0s)
[1.049s] -- Build files have been written to: /home/kunal-jazzy/ROS2_Vision/build/rover_bringup
[1.055s] Invoked command in '/home/kunal-jazzy/ROS2_Vision/build/rover_bringup' returned '0': CMAKE_PREFIX_PATH=${CMAKE_PREFIX_PATH}:/home/kunal-jazzy/ROS2_Vision/install/rover_control:/home/kunal-jazzy/vision_autonomous_rover/install/rover_control:/opt/ros/jazzy DEBUGINFOD_URLS=https://debuginfod.ubuntu.com /usr/bin/cmake /home/kunal-jazzy/ROS2_Vision/src/rover_bringup -DCMAKE_INSTALL_PREFIX=/home/kunal-jazzy/ROS2_Vision/install/rover_bringup
[1.057s] Invoking command in '/home/kunal-jazzy/ROS2_Vision/build/rover_bringup': CMAKE_PREFIX_PATH=${CMAKE_PREFIX_PATH}:/home/kunal-jazzy/ROS2_Vision/install/rover_control:/home/kunal-jazzy/vision_autonomous_rover/install/rover_control:/opt/ros/jazzy DEBUGINFOD_URLS=https://debuginfod.ubuntu.com /usr/bin/cmake --build /home/kunal-jazzy/ROS2_Vision/build/rover_bringup -- -j12 -l12
[1.117s] Invoked command in '/home/kunal-jazzy/ROS2_Vision/build/rover_bringup' returned '0': CMAKE_PREFIX_PATH=${CMAKE_PREFIX_PATH}:/home/kunal-jazzy/ROS2_Vision/install/rover_control:/home/kunal-jazzy/vision_autonomous_rover/install/rover_control:/opt/ros/jazzy DEBUGINFOD_URLS=https://debuginfod.ubuntu.com /usr/bin/cmake --build /home/kunal-jazzy/ROS2_Vision/build/rover_bringup -- -j12 -l12
[1.131s] Invoking command in '/home/kunal-jazzy/ROS2_Vision/build/rover_bringup': CMAKE_PREFIX_PATH=${CMAKE_PREFIX_PATH}:/home/kunal-jazzy/ROS2_Vision/install/rover_control:/home/kunal-jazzy/vision_autonomous_rover/install/rover_control:/opt/ros/jazzy DEBUGINFOD_URLS=https://debuginfod.ubuntu.com /usr/bin/cmake --install /home/kunal-jazzy/ROS2_Vision/build/rover_bringup
[1.141s] -- Install configuration: ""
[1.141s] -- Installing: /home/kunal-jazzy/ROS2_Vision/install/rover_bringup/share/rover_bringup//launch
[1.141s] -- Installing: /home/kunal-jazzy/ROS2_Vision/install/rover_bringup/share/rover_bringup//launch/rover.launch.xml
[1.141s] -- Installing: /home/kunal-jazzy/ROS2_Vision/install/rover_bringup/share/rover_bringup//config
[1.141s] -- Installing: /home/kunal-jazzy/ROS2_Vision/install/rover_bringup/share/ament_index/resource_index/package_run_dependencies/rover_bringup
[1.142s] -- Installing: /home/kunal-jazzy/ROS2_Vision/install/rover_bringup/share/ament_index/resource_index/parent_prefix_path/rover_bringup
[1.142s] -- Installing: /home/kunal-jazzy/ROS2_Vision/install/rover_bringup/share/rover_bringup/environment/ament_prefix_path.sh
[1.142s] -- Installing: /home/kunal-jazzy/ROS2_Vision/install/rover_bringup/share/rover_bringup/environment/ament_prefix_path.dsv
[1.142s] -- Installing: /home/kunal-jazzy/ROS2_Vision/install/rover_bringup/share/rover_bringup/environment/path.sh
[1.142s] -- Installing: /home/kunal-jazzy/ROS2_Vision/install/rover_bringup/share/rover_bringup/environment/path.dsv
[1.142s] -- Installing: /home/kunal-jazzy/ROS2_Vision/install/rover_bringup/share/rover_bringup/local_setup.bash
[1.142s] -- Installing: /home/kunal-jazzy/ROS2_Vision/install/rover_bringup/share/rover_bringup/local_setup.sh
[1.142s] -- Installing: /home/kunal-jazzy/ROS2_Vision/install/rover_bringup/share/rover_bringup/local_setup.zsh
[1.142s] -- Installing: /home/kunal-jazzy/ROS2_Vision/install/rover_bringup/share/rover_bringup/local_setup.dsv
[1.142s] -- Installing: /home/kunal-jazzy/ROS2_Vision/install/rover_bringup/share/rover_bringup/package.dsv
[1.143s] -- Installing: /home/kunal-jazzy/ROS2_Vision/install/rover_bringup/share/ament_index/resource_index/packages/rover_bringup
[1.143s] -- Installing: /home/kunal-jazzy/ROS2_Vision/install/rover_bringup/share/rover_bringup/cmake/rover_bringupConfig.cmake
[1.143s] -- Installing: /home/kunal-jazzy/ROS2_Vision/install/rover_bringup/share/rover_bringup/cmake/rover_bringupConfig-version.cmake
[1.143s] -- Installing: /home/kunal-jazzy/ROS2_Vision/install/rover_bringup/share/rover_bringup/package.xml
[1.144s] Invoked command in '/home/kunal-jazzy/ROS2_Vision/build/rover_bringup' returned '0': CMAKE_PREFIX_PATH=${CMAKE_PREFIX_PATH}:/home/kunal-jazzy/ROS2_Vision/install/rover_control:/home/kunal-jazzy/vision_autonomous_rover/install/rover_control:/opt/ros/jazzy DEBUGINFOD_URLS=https://debuginfod.ubuntu.com /usr/bin/cmake --install /home/kunal-jazzy/ROS2_Vision/build/rover_bringup
