[0.071s] DEBUG:colcon:Command line arguments: ['/usr/bin/colcon', 'build']
[0.071s] DEBUG:colcon:Parsed command line arguments: Namespace(log_base=None, log_level=None, verb_name='build', build_base='build', install_base='install', merge_install=False, symlink_install=False, test_result_base=None, continue_on_error=False, executor='parallel', parallel_workers=12, event_handlers=None, ignore_user_meta=False, metas=['./colcon.meta'], base_paths=['.'], packages_ignore=None, packages_ignore_regex=None, paths=None, packages_up_to=None, packages_up_to_regex=None, packages_above=None, packages_above_and_dependencies=None, packages_above_depth=None, packages_select_by_dep=None, packages_skip_by_dep=None, packages_skip_up_to=None, packages_select_build_failed=False, packages_skip_build_finished=False, packages_select_test_failures=False, packages_skip_test_passed=False, packages_select=None, packages_skip=None, packages_select_regex=None, packages_skip_regex=None, packages_start=None, packages_end=None, allow_overriding=[], cmake_args=None, cmake_target=None, cmake_target_skip_unavailable=False, cmake_clean_cache=False, cmake_clean_first=False, cmake_force_configure=False, ament_cmake_args=None, catkin_cmake_args=None, catkin_skip_building_tests=False, mixin_files=None, mixin=None, verb_parser=<colcon_mixin.mixin.mixin_argument.MixinArgumentDecorator object at 0x7e5bb45a2210>, verb_extension=<colcon_core.verb.build.BuildVerb object at 0x7e5bb45a1e80>, main=<bound method BuildVerb.main of <colcon_core.verb.build.BuildVerb object at 0x7e5bb45a1e80>>, mixin_verb=('build',))
[0.097s] Level 1:colcon.colcon_core.package_discovery:discover_packages(colcon_meta) check parameters
[0.097s] Level 1:colcon.colcon_core.package_discovery:discover_packages(recursive) check parameters
[0.097s] Level 1:colcon.colcon_core.package_discovery:discover_packages(ignore) check parameters
[0.097s] Level 1:colcon.colcon_core.package_discovery:discover_packages(path) check parameters
[0.097s] Level 1:colcon.colcon_core.package_discovery:discover_packages(colcon_meta) discover
[0.097s] Level 1:colcon.colcon_core.package_discovery:discover_packages(recursive) discover
[0.097s] INFO:colcon.colcon_core.package_discovery:Crawling recursively for packages in '/home/kunal-jazzy/ROS2_Vision'
[0.097s] Level 1:colcon.colcon_core.package_identification:_identify(.) by extensions ['ignore', 'ignore_ament_install']
[0.097s] Level 1:colcon.colcon_core.package_identification:_identify(.) by extension 'ignore'
[0.097s] Level 1:colcon.colcon_core.package_identification:_identify(.) by extension 'ignore_ament_install'
[0.097s] Level 1:colcon.colcon_core.package_identification:_identify(.) by extensions ['colcon_pkg']
[0.097s] Level 1:colcon.colcon_core.package_identification:_identify(.) by extension 'colcon_pkg'
[0.097s] Level 1:colcon.colcon_core.package_identification:_identify(.) by extensions ['colcon_meta']
[0.097s] Level 1:colcon.colcon_core.package_identification:_identify(.) by extension 'colcon_meta'
[0.097s] Level 1:colcon.colcon_core.package_identification:_identify(.) by extensions ['ros']
[0.097s] Level 1:colcon.colcon_core.package_identification:_identify(.) by extension 'ros'
[0.115s] Level 1:colcon.colcon_core.package_identification:_identify(.) by extensions ['cmake', 'python']
[0.115s] Level 1:colcon.colcon_core.package_identification:_identify(.) by extension 'cmake'
[0.115s] Level 1:colcon.colcon_core.package_identification:_identify(.) by extension 'python'
[0.116s] Level 1:colcon.colcon_core.package_identification:_identify(.) by extensions ['python_setup_py']
[0.116s] Level 1:colcon.colcon_core.package_identification:_identify(.) by extension 'python_setup_py'
[0.116s] Level 1:colcon.colcon_core.package_identification:_identify(build) by extensions ['ignore', 'ignore_ament_install']
[0.116s] Level 1:colcon.colcon_core.package_identification:_identify(build) by extension 'ignore'
[0.116s] Level 1:colcon.colcon_core.package_identification:_identify(build) ignored
[0.116s] Level 1:colcon.colcon_core.package_identification:_identify(install) by extensions ['ignore', 'ignore_ament_install']
[0.116s] Level 1:colcon.colcon_core.package_identification:_identify(install) by extension 'ignore'
[0.116s] Level 1:colcon.colcon_core.package_identification:_identify(install) ignored
[0.116s] Level 1:colcon.colcon_core.package_identification:_identify(log) by extensions ['ignore', 'ignore_ament_install']
[0.116s] Level 1:colcon.colcon_core.package_identification:_identify(log) by extension 'ignore'
[0.116s] Level 1:colcon.colcon_core.package_identification:_identify(log) ignored
[0.116s] Level 1:colcon.colcon_core.package_identification:_identify(src) by extensions ['ignore', 'ignore_ament_install']
[0.116s] Level 1:colcon.colcon_core.package_identification:_identify(src) by extension 'ignore'
[0.116s] Level 1:colcon.colcon_core.package_identification:_identify(src) by extension 'ignore_ament_install'
[0.116s] Level 1:colcon.colcon_core.package_identification:_identify(src) by extensions ['colcon_pkg']
[0.116s] Level 1:colcon.colcon_core.package_identification:_identify(src) by extension 'colcon_pkg'
[0.116s] Level 1:colcon.colcon_core.package_identification:_identify(src) by extensions ['colcon_meta']
[0.116s] Level 1:colcon.colcon_core.package_identification:_identify(src) by extension 'colcon_meta'
[0.116s] Level 1:colcon.colcon_core.package_identification:_identify(src) by extensions ['ros']
[0.116s] Level 1:colcon.colcon_core.package_identification:_identify(src) by extension 'ros'
[0.116s] Level 1:colcon.colcon_core.package_identification:_identify(src) by extensions ['cmake', 'python']
[0.116s] Level 1:colcon.colcon_core.package_identification:_identify(src) by extension 'cmake'
[0.116s] Level 1:colcon.colcon_core.package_identification:_identify(src) by extension 'python'
[0.116s] Level 1:colcon.colcon_core.package_identification:_identify(src) by extensions ['python_setup_py']
[0.116s] Level 1:colcon.colcon_core.package_identification:_identify(src) by extension 'python_setup_py'
[0.116s] Level 1:colcon.colcon_core.package_identification:_identify(src/log) by extensions ['ignore', 'ignore_ament_install']
[0.117s] Level 1:colcon.colcon_core.package_identification:_identify(src/log) by extension 'ignore'
[0.117s] Level 1:colcon.colcon_core.package_identification:_identify(src/log) ignored
[0.117s] Level 1:colcon.colcon_core.package_identification:_identify(src/rover_bringup) by extensions ['ignore', 'ignore_ament_install']
[0.117s] Level 1:colcon.colcon_core.package_identification:_identify(src/rover_bringup) by extension 'ignore'
[0.117s] Level 1:colcon.colcon_core.package_identification:_identify(src/rover_bringup) by extension 'ignore_ament_install'
[0.117s] Level 1:colcon.colcon_core.package_identification:_identify(src/rover_bringup) by extensions ['colcon_pkg']
[0.117s] Level 1:colcon.colcon_core.package_identification:_identify(src/rover_bringup) by extension 'colcon_pkg'
[0.117s] Level 1:colcon.colcon_core.package_identification:_identify(src/rover_bringup) by extensions ['colcon_meta']
[0.117s] Level 1:colcon.colcon_core.package_identification:_identify(src/rover_bringup) by extension 'colcon_meta'
[0.117s] Level 1:colcon.colcon_core.package_identification:_identify(src/rover_bringup) by extensions ['ros']
[0.117s] Level 1:colcon.colcon_core.package_identification:_identify(src/rover_bringup) by extension 'ros'
[0.118s] DEBUG:colcon.colcon_core.package_identification:Package 'src/rover_bringup' with type 'ros.ament_cmake' and name 'rover_bringup'
[0.118s] Level 1:colcon.colcon_core.package_identification:_identify(src/rover_control) by extensions ['ignore', 'ignore_ament_install']
[0.119s] Level 1:colcon.colcon_core.package_identification:_identify(src/rover_control) by extension 'ignore'
[0.119s] Level 1:colcon.colcon_core.package_identification:_identify(src/rover_control) by extension 'ignore_ament_install'
[0.119s] Level 1:colcon.colcon_core.package_identification:_identify(src/rover_control) by extensions ['colcon_pkg']
[0.119s] Level 1:colcon.colcon_core.package_identification:_identify(src/rover_control) by extension 'colcon_pkg'
[0.119s] Level 1:colcon.colcon_core.package_identification:_identify(src/rover_control) by extensions ['colcon_meta']
[0.119s] Level 1:colcon.colcon_core.package_identification:_identify(src/rover_control) by extension 'colcon_meta'
[0.119s] Level 1:colcon.colcon_core.package_identification:_identify(src/rover_control) by extensions ['ros']
[0.119s] Level 1:colcon.colcon_core.package_identification:_identify(src/rover_control) by extension 'ros'
[0.119s] DEBUG:colcon.colcon_core.package_identification:Package 'src/rover_control' with type 'ros.ament_python' and name 'rover_control'
[0.119s] Level 1:colcon.colcon_core.package_identification:_identify(src/rover_description) by extensions ['ignore', 'ignore_ament_install']
[0.119s] Level 1:colcon.colcon_core.package_identification:_identify(src/rover_description) by extension 'ignore'
[0.119s] Level 1:colcon.colcon_core.package_identification:_identify(src/rover_description) by extension 'ignore_ament_install'
[0.119s] Level 1:colcon.colcon_core.package_identification:_identify(src/rover_description) by extensions ['colcon_pkg']
[0.119s] Level 1:colcon.colcon_core.package_identification:_identify(src/rover_description) by extension 'colcon_pkg'
[0.119s] Level 1:colcon.colcon_core.package_identification:_identify(src/rover_description) by extensions ['colcon_meta']
[0.119s] Level 1:colcon.colcon_core.package_identification:_identify(src/rover_description) by extension 'colcon_meta'
[0.119s] Level 1:colcon.colcon_core.package_identification:_identify(src/rover_description) by extensions ['ros']
[0.119s] Level 1:colcon.colcon_core.package_identification:_identify(src/rover_description) by extension 'ros'
[0.120s] DEBUG:colcon.colcon_core.package_identification:Package 'src/rover_description' with type 'ros.ament_cmake' and name 'rover_description'
[0.120s] Level 1:colcon.colcon_core.package_discovery:discover_packages(recursive) using defaults
[0.120s] Level 1:colcon.colcon_core.package_discovery:discover_packages(ignore) discover
[0.120s] Level 1:colcon.colcon_core.package_discovery:discover_packages(ignore) using defaults
[0.120s] Level 1:colcon.colcon_core.package_discovery:discover_packages(path) discover
[0.120s] Level 1:colcon.colcon_core.package_discovery:discover_packages(path) using defaults
[0.132s] Level 1:colcon.colcon_core.package_discovery:discover_packages(prefix_path) check parameters
[0.132s] Level 1:colcon.colcon_core.package_discovery:discover_packages(prefix_path) discover
[0.133s] DEBUG:colcon.colcon_installed_package_information.package_discovery:Found 3 installed packages in /home/kunal-jazzy/ROS2_Vision/install
[0.134s] DEBUG:colcon.colcon_installed_package_information.package_discovery:Found 3 installed packages in /home/kunal-jazzy/vision_autonomous_rover/install
[0.134s] DEBUG:colcon.colcon_installed_package_information.package_discovery:Found 3 installed packages in /home/kunal-jazzy/Desktop/fws_robot_harmonic/install
[0.134s] DEBUG:colcon.colcon_installed_package_information.package_discovery:Found 2 installed packages in /home/kunal-jazzy/my_robot_ws/install
[0.135s] DEBUG:colcon.colcon_installed_package_information.package_discovery:Found 319 installed packages in /opt/ros/jazzy
[0.136s] Level 1:colcon.colcon_core.package_discovery:discover_packages(prefix_path) using defaults
[0.162s] Level 5:colcon.colcon_core.verb:set package 'rover_bringup' build argument 'cmake_args' from command line to 'None'
[0.162s] Level 5:colcon.colcon_core.verb:set package 'rover_bringup' build argument 'cmake_target' from command line to 'None'
[0.162s] Level 5:colcon.colcon_core.verb:set package 'rover_bringup' build argument 'cmake_target_skip_unavailable' from command line to 'False'
[0.162s] Level 5:colcon.colcon_core.verb:set package 'rover_bringup' build argument 'cmake_clean_cache' from command line to 'False'
[0.162s] Level 5:colcon.colcon_core.verb:set package 'rover_bringup' build argument 'cmake_clean_first' from command line to 'False'
[0.162s] Level 5:colcon.colcon_core.verb:set package 'rover_bringup' build argument 'cmake_force_configure' from command line to 'False'
[0.162s] Level 5:colcon.colcon_core.verb:set package 'rover_bringup' build argument 'ament_cmake_args' from command line to 'None'
[0.162s] Level 5:colcon.colcon_core.verb:set package 'rover_bringup' build argument 'catkin_cmake_args' from command line to 'None'
[0.162s] Level 5:colcon.colcon_core.verb:set package 'rover_bringup' build argument 'catkin_skip_building_tests' from command line to 'False'
[0.162s] DEBUG:colcon.colcon_core.verb:Building package 'rover_bringup' with the following arguments: {'ament_cmake_args': None, 'build_base': '/home/kunal-jazzy/ROS2_Vision/build/rover_bringup', 'catkin_cmake_args': None, 'catkin_skip_building_tests': False, 'cmake_args': None, 'cmake_clean_cache': False, 'cmake_clean_first': False, 'cmake_force_configure': False, 'cmake_target': None, 'cmake_target_skip_unavailable': False, 'install_base': '/home/kunal-jazzy/ROS2_Vision/install/rover_bringup', 'merge_install': False, 'path': '/home/kunal-jazzy/ROS2_Vision/src/rover_bringup', 'symlink_install': False, 'test_result_base': None}
[0.162s] Level 5:colcon.colcon_core.verb:set package 'rover_control' build argument 'cmake_args' from command line to 'None'
[0.162s] Level 5:colcon.colcon_core.verb:set package 'rover_control' build argument 'cmake_target' from command line to 'None'
[0.162s] Level 5:colcon.colcon_core.verb:set package 'rover_control' build argument 'cmake_target_skip_unavailable' from command line to 'False'
[0.162s] Level 5:colcon.colcon_core.verb:set package 'rover_control' build argument 'cmake_clean_cache' from command line to 'False'
[0.162s] Level 5:colcon.colcon_core.verb:set package 'rover_control' build argument 'cmake_clean_first' from command line to 'False'
[0.162s] Level 5:colcon.colcon_core.verb:set package 'rover_control' build argument 'cmake_force_configure' from command line to 'False'
[0.162s] Level 5:colcon.colcon_core.verb:set package 'rover_control' build argument 'ament_cmake_args' from command line to 'None'
[0.162s] Level 5:colcon.colcon_core.verb:set package 'rover_control' build argument 'catkin_cmake_args' from command line to 'None'
[0.162s] Level 5:colcon.colcon_core.verb:set package 'rover_control' build argument 'catkin_skip_building_tests' from command line to 'False'
[0.162s] DEBUG:colcon.colcon_core.verb:Building package 'rover_control' with the following arguments: {'ament_cmake_args': None, 'build_base': '/home/kunal-jazzy/ROS2_Vision/build/rover_control', 'catkin_cmake_args': None, 'catkin_skip_building_tests': False, 'cmake_args': None, 'cmake_clean_cache': False, 'cmake_clean_first': False, 'cmake_force_configure': False, 'cmake_target': None, 'cmake_target_skip_unavailable': False, 'install_base': '/home/kunal-jazzy/ROS2_Vision/install/rover_control', 'merge_install': False, 'path': '/home/kunal-jazzy/ROS2_Vision/src/rover_control', 'symlink_install': False, 'test_result_base': None}
[0.163s] Level 5:colcon.colcon_core.verb:set package 'rover_description' build argument 'cmake_args' from command line to 'None'
[0.163s] Level 5:colcon.colcon_core.verb:set package 'rover_description' build argument 'cmake_target' from command line to 'None'
[0.163s] Level 5:colcon.colcon_core.verb:set package 'rover_description' build argument 'cmake_target_skip_unavailable' from command line to 'False'
[0.163s] Level 5:colcon.colcon_core.verb:set package 'rover_description' build argument 'cmake_clean_cache' from command line to 'False'
[0.163s] Level 5:colcon.colcon_core.verb:set package 'rover_description' build argument 'cmake_clean_first' from command line to 'False'
[0.163s] Level 5:colcon.colcon_core.verb:set package 'rover_description' build argument 'cmake_force_configure' from command line to 'False'
[0.163s] Level 5:colcon.colcon_core.verb:set package 'rover_description' build argument 'ament_cmake_args' from command line to 'None'
[0.163s] Level 5:colcon.colcon_core.verb:set package 'rover_description' build argument 'catkin_cmake_args' from command line to 'None'
[0.163s] Level 5:colcon.colcon_core.verb:set package 'rover_description' build argument 'catkin_skip_building_tests' from command line to 'False'
[0.163s] DEBUG:colcon.colcon_core.verb:Building package 'rover_description' with the following arguments: {'ament_cmake_args': None, 'build_base': '/home/kunal-jazzy/ROS2_Vision/build/rover_description', 'catkin_cmake_args': None, 'catkin_skip_building_tests': False, 'cmake_args': None, 'cmake_clean_cache': False, 'cmake_clean_first': False, 'cmake_force_configure': False, 'cmake_target': None, 'cmake_target_skip_unavailable': False, 'install_base': '/home/kunal-jazzy/ROS2_Vision/install/rover_description', 'merge_install': False, 'path': '/home/kunal-jazzy/ROS2_Vision/src/rover_description', 'symlink_install': False, 'test_result_base': None}
[0.163s] INFO:colcon.colcon_core.executor:Executing jobs using 'parallel' executor
[0.163s] DEBUG:colcon.colcon_parallel_executor.executor.parallel:run_until_complete
[0.164s] INFO:colcon.colcon_ros.task.ament_cmake.build:Building ROS package in '/home/kunal-jazzy/ROS2_Vision/src/rover_bringup' with build type 'ament_cmake'
[0.164s] INFO:colcon.colcon_cmake.task.cmake.build:Building CMake package in '/home/kunal-jazzy/ROS2_Vision/src/rover_bringup'
[0.165s] INFO:colcon.colcon_core.plugin_system:Skipping extension 'colcon_core.shell.bat': Not used on non-Windows systems
[0.165s] INFO:colcon.colcon_core.shell:Skip shell extension 'powershell' for command environment: Not usable outside of PowerShell
[0.165s] DEBUG:colcon.colcon_core.shell:Skip shell extension 'dsv' for command environment
[0.169s] INFO:colcon.colcon_ros.task.ament_python.build:Building ROS package in '/home/kunal-jazzy/ROS2_Vision/src/rover_control' with build type 'ament_python'
[0.169s] Level 1:colcon.colcon_core.shell:create_environment_hook('rover_control', 'ament_prefix_path')
[0.169s] INFO:colcon.colcon_core.shell:Creating environment hook '/home/kunal-jazzy/ROS2_Vision/install/rover_control/share/rover_control/hook/ament_prefix_path.ps1'
[0.169s] INFO:colcon.colcon_core.shell:Creating environment descriptor '/home/kunal-jazzy/ROS2_Vision/install/rover_control/share/rover_control/hook/ament_prefix_path.dsv'
[0.170s] INFO:colcon.colcon_core.shell:Creating environment hook '/home/kunal-jazzy/ROS2_Vision/install/rover_control/share/rover_control/hook/ament_prefix_path.sh'
[0.170s] INFO:colcon.colcon_core.shell:Skip shell extension 'powershell' for command environment: Not usable outside of PowerShell
[0.170s] DEBUG:colcon.colcon_core.shell:Skip shell extension 'dsv' for command environment
[0.173s] INFO:colcon.colcon_ros.task.ament_cmake.build:Building ROS package in '/home/kunal-jazzy/ROS2_Vision/src/rover_description' with build type 'ament_cmake'
[0.173s] INFO:colcon.colcon_cmake.task.cmake.build:Building CMake package in '/home/kunal-jazzy/ROS2_Vision/src/rover_description'
[0.173s] INFO:colcon.colcon_core.shell:Skip shell extension 'powershell' for command environment: Not usable outside of PowerShell
[0.173s] DEBUG:colcon.colcon_core.shell:Skip shell extension 'dsv' for command environment
[0.179s] DEBUG:colcon.colcon_core.event_handler.log_command:Invoking command in '/home/kunal-jazzy/ROS2_Vision/build/rover_bringup': CMAKE_PREFIX_PATH=${CMAKE_PREFIX_PATH}:/home/kunal-jazzy/ROS2_Vision/install/rover_control:/home/kunal-jazzy/vision_autonomous_rover/install/rover_control:/opt/ros/jazzy DEBUGINFOD_URLS=https://debuginfod.ubuntu.com /usr/bin/cmake --build /home/kunal-jazzy/ROS2_Vision/build/rover_bringup -- -j12 -l12
[0.328s] INFO:colcon.colcon_core.task.python.build:Building Python package in '/home/kunal-jazzy/ROS2_Vision/src/rover_control'
[0.328s] INFO:colcon.colcon_core.shell:Skip shell extension 'powershell' for command environment: Not usable outside of PowerShell
[0.328s] DEBUG:colcon.colcon_core.shell:Skip shell extension 'dsv' for command environment
[0.334s] DEBUG:colcon.colcon_core.event_handler.log_command:Invoking command in '/home/kunal-jazzy/ROS2_Vision/build/rover_description': CMAKE_PREFIX_PATH=${CMAKE_PREFIX_PATH}:/home/kunal-jazzy/ROS2_Vision/install/rover_control:/home/kunal-jazzy/vision_autonomous_rover/install/rover_control:/opt/ros/jazzy DEBUGINFOD_URLS=https://debuginfod.ubuntu.com /usr/bin/cmake --build /home/kunal-jazzy/ROS2_Vision/build/rover_description -- -j12 -l12
[0.335s] DEBUG:colcon.colcon_core.event_handler.log_command:Invoked command in '/home/kunal-jazzy/ROS2_Vision/build/rover_bringup' returned '0': CMAKE_PREFIX_PATH=${CMAKE_PREFIX_PATH}:/home/kunal-jazzy/ROS2_Vision/install/rover_control:/home/kunal-jazzy/vision_autonomous_rover/install/rover_control:/opt/ros/jazzy DEBUGINFOD_URLS=https://debuginfod.ubuntu.com /usr/bin/cmake --build /home/kunal-jazzy/ROS2_Vision/build/rover_bringup -- -j12 -l12
[0.349s] DEBUG:colcon.colcon_core.event_handler.log_command:Invoking command in '/home/kunal-jazzy/ROS2_Vision/build/rover_bringup': CMAKE_PREFIX_PATH=${CMAKE_PREFIX_PATH}:/home/kunal-jazzy/ROS2_Vision/install/rover_control:/home/kunal-jazzy/vision_autonomous_rover/install/rover_control:/opt/ros/jazzy DEBUGINFOD_URLS=https://debuginfod.ubuntu.com /usr/bin/cmake --install /home/kunal-jazzy/ROS2_Vision/build/rover_bringup
[0.359s] Level 1:colcon.colcon_core.environment:create_environment_scripts_only(rover_bringup)
[0.360s] DEBUG:colcon.colcon_core.event_handler.log_command:Invoked command in '/home/kunal-jazzy/ROS2_Vision/build/rover_bringup' returned '0': CMAKE_PREFIX_PATH=${CMAKE_PREFIX_PATH}:/home/kunal-jazzy/ROS2_Vision/install/rover_control:/home/kunal-jazzy/vision_autonomous_rover/install/rover_control:/opt/ros/jazzy DEBUGINFOD_URLS=https://debuginfod.ubuntu.com /usr/bin/cmake --install /home/kunal-jazzy/ROS2_Vision/build/rover_bringup
[0.362s] Level 1:colcon.colcon_core.environment:checking '/home/kunal-jazzy/ROS2_Vision/install/rover_bringup' for CMake module files
[0.362s] Level 1:colcon.colcon_core.environment:checking '/home/kunal-jazzy/ROS2_Vision/install/rover_bringup' for CMake config files
[0.363s] Level 1:colcon.colcon_core.shell:create_environment_hook('rover_bringup', 'cmake_prefix_path')
[0.363s] INFO:colcon.colcon_core.shell:Creating environment hook '/home/kunal-jazzy/ROS2_Vision/install/rover_bringup/share/rover_bringup/hook/cmake_prefix_path.ps1'
[0.363s] INFO:colcon.colcon_core.shell:Creating environment descriptor '/home/kunal-jazzy/ROS2_Vision/install/rover_bringup/share/rover_bringup/hook/cmake_prefix_path.dsv'
[0.363s] INFO:colcon.colcon_core.shell:Creating environment hook '/home/kunal-jazzy/ROS2_Vision/install/rover_bringup/share/rover_bringup/hook/cmake_prefix_path.sh'
[0.364s] Level 1:colcon.colcon_core.environment:checking '/home/kunal-jazzy/ROS2_Vision/install/rover_bringup/bin'
[0.364s] Level 1:colcon.colcon_core.environment:checking '/home/kunal-jazzy/ROS2_Vision/install/rover_bringup/lib/pkgconfig/rover_bringup.pc'
[0.364s] Level 1:colcon.colcon_core.environment:checking '/home/kunal-jazzy/ROS2_Vision/install/rover_bringup/lib/python3.12/site-packages'
[0.364s] Level 1:colcon.colcon_core.environment:checking '/home/kunal-jazzy/ROS2_Vision/install/rover_bringup/bin'
[0.365s] INFO:colcon.colcon_core.shell:Creating package script '/home/kunal-jazzy/ROS2_Vision/install/rover_bringup/share/rover_bringup/package.ps1'
[0.365s] INFO:colcon.colcon_core.shell:Creating package descriptor '/home/kunal-jazzy/ROS2_Vision/install/rover_bringup/share/rover_bringup/package.dsv'
[0.365s] INFO:colcon.colcon_core.shell:Creating package script '/home/kunal-jazzy/ROS2_Vision/install/rover_bringup/share/rover_bringup/package.sh'
[0.366s] INFO:colcon.colcon_core.shell:Creating package script '/home/kunal-jazzy/ROS2_Vision/install/rover_bringup/share/rover_bringup/package.bash'
[0.366s] INFO:colcon.colcon_core.shell:Creating package script '/home/kunal-jazzy/ROS2_Vision/install/rover_bringup/share/rover_bringup/package.zsh'
[0.367s] Level 1:colcon.colcon_core.environment:create_file_with_runtime_dependencies(/home/kunal-jazzy/ROS2_Vision/install/rover_bringup/share/colcon-core/packages/rover_bringup)
[0.367s] Level 1:colcon.colcon_core.environment:create_environment_scripts_only(rover_bringup)
[0.367s] Level 1:colcon.colcon_core.environment:checking '/home/kunal-jazzy/ROS2_Vision/install/rover_bringup' for CMake module files
[0.367s] Level 1:colcon.colcon_core.environment:checking '/home/kunal-jazzy/ROS2_Vision/install/rover_bringup' for CMake config files
[0.368s] Level 1:colcon.colcon_core.shell:create_environment_hook('rover_bringup', 'cmake_prefix_path')
[0.368s] INFO:colcon.colcon_core.shell:Creating environment hook '/home/kunal-jazzy/ROS2_Vision/install/rover_bringup/share/rover_bringup/hook/cmake_prefix_path.ps1'
[0.368s] INFO:colcon.colcon_core.shell:Creating environment descriptor '/home/kunal-jazzy/ROS2_Vision/install/rover_bringup/share/rover_bringup/hook/cmake_prefix_path.dsv'
[0.368s] INFO:colcon.colcon_core.shell:Creating environment hook '/home/kunal-jazzy/ROS2_Vision/install/rover_bringup/share/rover_bringup/hook/cmake_prefix_path.sh'
[0.369s] Level 1:colcon.colcon_core.environment:checking '/home/kunal-jazzy/ROS2_Vision/install/rover_bringup/bin'
[0.369s] Level 1:colcon.colcon_core.environment:checking '/home/kunal-jazzy/ROS2_Vision/install/rover_bringup/lib/pkgconfig/rover_bringup.pc'
[0.369s] Level 1:colcon.colcon_core.environment:checking '/home/kunal-jazzy/ROS2_Vision/install/rover_bringup/lib/python3.12/site-packages'
[0.369s] Level 1:colcon.colcon_core.environment:checking '/home/kunal-jazzy/ROS2_Vision/install/rover_bringup/bin'
[0.369s] INFO:colcon.colcon_core.shell:Creating package script '/home/kunal-jazzy/ROS2_Vision/install/rover_bringup/share/rover_bringup/package.ps1'
[0.370s] INFO:colcon.colcon_core.shell:Creating package descriptor '/home/kunal-jazzy/ROS2_Vision/install/rover_bringup/share/rover_bringup/package.dsv'
[0.370s] INFO:colcon.colcon_core.shell:Creating package script '/home/kunal-jazzy/ROS2_Vision/install/rover_bringup/share/rover_bringup/package.sh'
[0.370s] INFO:colcon.colcon_core.shell:Creating package script '/home/kunal-jazzy/ROS2_Vision/install/rover_bringup/share/rover_bringup/package.bash'
[0.370s] INFO:colcon.colcon_core.shell:Creating package script '/home/kunal-jazzy/ROS2_Vision/install/rover_bringup/share/rover_bringup/package.zsh'
[0.371s] Level 1:colcon.colcon_core.environment:create_file_with_runtime_dependencies(/home/kunal-jazzy/ROS2_Vision/install/rover_bringup/share/colcon-core/packages/rover_bringup)
[0.377s] DEBUG:colcon.colcon_core.event_handler.log_command:Invoked command in '/home/kunal-jazzy/ROS2_Vision/build/rover_description' returned '0': CMAKE_PREFIX_PATH=${CMAKE_PREFIX_PATH}:/home/kunal-jazzy/ROS2_Vision/install/rover_control:/home/kunal-jazzy/vision_autonomous_rover/install/rover_control:/opt/ros/jazzy DEBUGINFOD_URLS=https://debuginfod.ubuntu.com /usr/bin/cmake --build /home/kunal-jazzy/ROS2_Vision/build/rover_description -- -j12 -l12
[0.377s] DEBUG:colcon.colcon_core.event_handler.log_command:Invoking command in '/home/kunal-jazzy/ROS2_Vision/build/rover_description': CMAKE_PREFIX_PATH=${CMAKE_PREFIX_PATH}:/home/kunal-jazzy/ROS2_Vision/install/rover_control:/home/kunal-jazzy/vision_autonomous_rover/install/rover_control:/opt/ros/jazzy DEBUGINFOD_URLS=https://debuginfod.ubuntu.com /usr/bin/cmake --install /home/kunal-jazzy/ROS2_Vision/build/rover_description
[0.395s] Level 1:colcon.colcon_core.environment:create_environment_scripts_only(rover_description)
[0.395s] Level 1:colcon.colcon_core.environment:checking '/home/kunal-jazzy/ROS2_Vision/install/rover_description' for CMake module files
[0.396s] DEBUG:colcon.colcon_core.event_handler.log_command:Invoked command in '/home/kunal-jazzy/ROS2_Vision/build/rover_description' returned '0': CMAKE_PREFIX_PATH=${CMAKE_PREFIX_PATH}:/home/kunal-jazzy/ROS2_Vision/install/rover_control:/home/kunal-jazzy/vision_autonomous_rover/install/rover_control:/opt/ros/jazzy DEBUGINFOD_URLS=https://debuginfod.ubuntu.com /usr/bin/cmake --install /home/kunal-jazzy/ROS2_Vision/build/rover_description
[0.396s] Level 1:colcon.colcon_core.environment:checking '/home/kunal-jazzy/ROS2_Vision/install/rover_description' for CMake config files
[0.396s] Level 1:colcon.colcon_core.shell:create_environment_hook('rover_description', 'cmake_prefix_path')
[0.396s] INFO:colcon.colcon_core.shell:Creating environment hook '/home/kunal-jazzy/ROS2_Vision/install/rover_description/share/rover_description/hook/cmake_prefix_path.ps1'
[0.397s] INFO:colcon.colcon_core.shell:Creating environment descriptor '/home/kunal-jazzy/ROS2_Vision/install/rover_description/share/rover_description/hook/cmake_prefix_path.dsv'
[0.397s] INFO:colcon.colcon_core.shell:Creating environment hook '/home/kunal-jazzy/ROS2_Vision/install/rover_description/share/rover_description/hook/cmake_prefix_path.sh'
[0.397s] Level 1:colcon.colcon_core.environment:checking '/home/kunal-jazzy/ROS2_Vision/install/rover_description/bin'
[0.397s] Level 1:colcon.colcon_core.environment:checking '/home/kunal-jazzy/ROS2_Vision/install/rover_description/lib/pkgconfig/rover_description.pc'
[0.397s] Level 1:colcon.colcon_core.environment:checking '/home/kunal-jazzy/ROS2_Vision/install/rover_description/lib/python3.12/site-packages'
[0.398s] Level 1:colcon.colcon_core.environment:checking '/home/kunal-jazzy/ROS2_Vision/install/rover_description/bin'
[0.398s] INFO:colcon.colcon_core.shell:Creating package script '/home/kunal-jazzy/ROS2_Vision/install/rover_description/share/rover_description/package.ps1'
[0.398s] INFO:colcon.colcon_core.shell:Creating package descriptor '/home/kunal-jazzy/ROS2_Vision/install/rover_description/share/rover_description/package.dsv'
[0.398s] INFO:colcon.colcon_core.shell:Creating package script '/home/kunal-jazzy/ROS2_Vision/install/rover_description/share/rover_description/package.sh'
[0.398s] INFO:colcon.colcon_core.shell:Creating package script '/home/kunal-jazzy/ROS2_Vision/install/rover_description/share/rover_description/package.bash'
[0.399s] INFO:colcon.colcon_core.shell:Creating package script '/home/kunal-jazzy/ROS2_Vision/install/rover_description/share/rover_description/package.zsh'
[0.399s] Level 1:colcon.colcon_core.environment:create_file_with_runtime_dependencies(/home/kunal-jazzy/ROS2_Vision/install/rover_description/share/colcon-core/packages/rover_description)
[0.399s] Level 1:colcon.colcon_core.environment:create_environment_scripts_only(rover_description)
[0.399s] Level 1:colcon.colcon_core.environment:checking '/home/kunal-jazzy/ROS2_Vision/install/rover_description' for CMake module files
[0.399s] Level 1:colcon.colcon_core.environment:checking '/home/kunal-jazzy/ROS2_Vision/install/rover_description' for CMake config files
[0.400s] Level 1:colcon.colcon_core.shell:create_environment_hook('rover_description', 'cmake_prefix_path')
[0.400s] INFO:colcon.colcon_core.shell:Creating environment hook '/home/kunal-jazzy/ROS2_Vision/install/rover_description/share/rover_description/hook/cmake_prefix_path.ps1'
[0.400s] INFO:colcon.colcon_core.shell:Creating environment descriptor '/home/kunal-jazzy/ROS2_Vision/install/rover_description/share/rover_description/hook/cmake_prefix_path.dsv'
[0.400s] INFO:colcon.colcon_core.shell:Creating environment hook '/home/kunal-jazzy/ROS2_Vision/install/rover_description/share/rover_description/hook/cmake_prefix_path.sh'
[0.400s] Level 1:colcon.colcon_core.environment:checking '/home/kunal-jazzy/ROS2_Vision/install/rover_description/bin'
[0.400s] Level 1:colcon.colcon_core.environment:checking '/home/kunal-jazzy/ROS2_Vision/install/rover_description/lib/pkgconfig/rover_description.pc'
[0.401s] Level 1:colcon.colcon_core.environment:checking '/home/kunal-jazzy/ROS2_Vision/install/rover_description/lib/python3.12/site-packages'
[0.401s] Level 1:colcon.colcon_core.environment:checking '/home/kunal-jazzy/ROS2_Vision/install/rover_description/bin'
[0.401s] INFO:colcon.colcon_core.shell:Creating package script '/home/kunal-jazzy/ROS2_Vision/install/rover_description/share/rover_description/package.ps1'
[0.401s] INFO:colcon.colcon_core.shell:Creating package descriptor '/home/kunal-jazzy/ROS2_Vision/install/rover_description/share/rover_description/package.dsv'
[0.401s] INFO:colcon.colcon_core.shell:Creating package script '/home/kunal-jazzy/ROS2_Vision/install/rover_description/share/rover_description/package.sh'
[0.402s] INFO:colcon.colcon_core.shell:Creating package script '/home/kunal-jazzy/ROS2_Vision/install/rover_description/share/rover_description/package.bash'
[0.402s] INFO:colcon.colcon_core.shell:Creating package script '/home/kunal-jazzy/ROS2_Vision/install/rover_description/share/rover_description/package.zsh'
[0.402s] Level 1:colcon.colcon_core.environment:create_file_with_runtime_dependencies(/home/kunal-jazzy/ROS2_Vision/install/rover_description/share/colcon-core/packages/rover_description)
[0.741s] DEBUG:colcon.colcon_core.event_handler.log_command:Invoking command in '/home/kunal-jazzy/ROS2_Vision/src/rover_control': DEBUGINFOD_URLS=https://debuginfod.ubuntu.com PYTHONPATH=/home/kunal-jazzy/ROS2_Vision/build/rover_control/prefix_override:/usr/lib/python3/dist-packages/colcon_core/task/python/colcon_distutils_commands:/home/kunal-jazzy/ROS2_Vision/install/rover_control/lib/python3.12/site-packages:${PYTHONPATH} /usr/bin/python3 -W ignore:setup.py install is deprecated -W ignore:easy_install command is deprecated setup.py egg_info --egg-base ../../build/rover_control build --build-base /home/kunal-jazzy/ROS2_Vision/build/rover_control/build install --record /home/kunal-jazzy/ROS2_Vision/build/rover_control/install.log --single-version-externally-managed install_data
[1.092s] Level 1:colcon.colcon_core.environment:checking '/home/kunal-jazzy/ROS2_Vision/install/rover_control' for CMake module files
[1.092s] DEBUG:colcon.colcon_core.event_handler.log_command:Invoked command in '/home/kunal-jazzy/ROS2_Vision/src/rover_control' returned '0': DEBUGINFOD_URLS=https://debuginfod.ubuntu.com PYTHONPATH=/home/kunal-jazzy/ROS2_Vision/build/rover_control/prefix_override:/usr/lib/python3/dist-packages/colcon_core/task/python/colcon_distutils_commands:/home/kunal-jazzy/ROS2_Vision/install/rover_control/lib/python3.12/site-packages:${PYTHONPATH} /usr/bin/python3 -W ignore:setup.py install is deprecated -W ignore:easy_install command is deprecated setup.py egg_info --egg-base ../../build/rover_control build --build-base /home/kunal-jazzy/ROS2_Vision/build/rover_control/build install --record /home/kunal-jazzy/ROS2_Vision/build/rover_control/install.log --single-version-externally-managed install_data
[1.093s] Level 1:colcon.colcon_core.environment:checking '/home/kunal-jazzy/ROS2_Vision/install/rover_control' for CMake config files
[1.093s] Level 1:colcon.colcon_core.environment:checking '/home/kunal-jazzy/ROS2_Vision/install/rover_control/lib'
[1.093s] Level 1:colcon.colcon_core.environment:checking '/home/kunal-jazzy/ROS2_Vision/install/rover_control/bin'
[1.093s] Level 1:colcon.colcon_core.environment:checking '/home/kunal-jazzy/ROS2_Vision/install/rover_control/lib/pkgconfig/rover_control.pc'
[1.093s] Level 1:colcon.colcon_core.environment:checking '/home/kunal-jazzy/ROS2_Vision/install/rover_control/lib/python3.12/site-packages'
[1.093s] Level 1:colcon.colcon_core.shell:create_environment_hook('rover_control', 'pythonpath')
[1.093s] INFO:colcon.colcon_core.shell:Creating environment hook '/home/kunal-jazzy/ROS2_Vision/install/rover_control/share/rover_control/hook/pythonpath.ps1'
[1.094s] INFO:colcon.colcon_core.shell:Creating environment descriptor '/home/kunal-jazzy/ROS2_Vision/install/rover_control/share/rover_control/hook/pythonpath.dsv'
[1.094s] INFO:colcon.colcon_core.shell:Creating environment hook '/home/kunal-jazzy/ROS2_Vision/install/rover_control/share/rover_control/hook/pythonpath.sh'
[1.095s] Level 1:colcon.colcon_core.environment:checking '/home/kunal-jazzy/ROS2_Vision/install/rover_control/bin'
[1.095s] Level 1:colcon.colcon_core.environment:create_environment_scripts_only(rover_control)
[1.095s] INFO:colcon.colcon_core.shell:Creating package script '/home/kunal-jazzy/ROS2_Vision/install/rover_control/share/rover_control/package.ps1'
[1.095s] INFO:colcon.colcon_core.shell:Creating package descriptor '/home/kunal-jazzy/ROS2_Vision/install/rover_control/share/rover_control/package.dsv'
[1.095s] INFO:colcon.colcon_core.shell:Creating package script '/home/kunal-jazzy/ROS2_Vision/install/rover_control/share/rover_control/package.sh'
[1.096s] INFO:colcon.colcon_core.shell:Creating package script '/home/kunal-jazzy/ROS2_Vision/install/rover_control/share/rover_control/package.bash'
[1.096s] INFO:colcon.colcon_core.shell:Creating package script '/home/kunal-jazzy/ROS2_Vision/install/rover_control/share/rover_control/package.zsh'
[1.096s] Level 1:colcon.colcon_core.environment:create_file_with_runtime_dependencies(/home/kunal-jazzy/ROS2_Vision/install/rover_control/share/colcon-core/packages/rover_control)
[1.096s] DEBUG:colcon.colcon_parallel_executor.executor.parallel:closing loop
[1.096s] DEBUG:colcon.colcon_parallel_executor.executor.parallel:loop closed
[1.096s] DEBUG:colcon.colcon_parallel_executor.executor.parallel:run_until_complete finished with '0'
[1.096s] DEBUG:colcon.colcon_core.event_reactor:joining thread
[1.100s] INFO:colcon.colcon_core.plugin_system:Skipping extension 'colcon_notification.desktop_notification.terminal_notifier': Not used on non-Darwin systems
[1.100s] INFO:colcon.colcon_core.plugin_system:Skipping extension 'colcon_notification.desktop_notification.win32': Not used on non-Windows systems
[1.101s] INFO:colcon.colcon_notification.desktop_notification:Sending desktop notification using 'notify2'
[1.111s] DEBUG:colcon.colcon_core.event_reactor:joined thread
[1.111s] INFO:colcon.colcon_core.shell:Creating prefix script '/home/kunal-jazzy/ROS2_Vision/install/local_setup.ps1'
[1.112s] INFO:colcon.colcon_core.shell:Creating prefix util module '/home/kunal-jazzy/ROS2_Vision/install/_local_setup_util_ps1.py'
[1.113s] INFO:colcon.colcon_core.shell:Creating prefix chain script '/home/kunal-jazzy/ROS2_Vision/install/setup.ps1'
[1.114s] INFO:colcon.colcon_core.shell:Creating prefix script '/home/kunal-jazzy/ROS2_Vision/install/local_setup.sh'
[1.114s] INFO:colcon.colcon_core.shell:Creating prefix util module '/home/kunal-jazzy/ROS2_Vision/install/_local_setup_util_sh.py'
[1.115s] INFO:colcon.colcon_core.shell:Creating prefix chain script '/home/kunal-jazzy/ROS2_Vision/install/setup.sh'
[1.116s] INFO:colcon.colcon_core.shell:Creating prefix script '/home/kunal-jazzy/ROS2_Vision/install/local_setup.bash'
[1.116s] INFO:colcon.colcon_core.shell:Creating prefix chain script '/home/kunal-jazzy/ROS2_Vision/install/setup.bash'
[1.117s] INFO:colcon.colcon_core.shell:Creating prefix script '/home/kunal-jazzy/ROS2_Vision/install/local_setup.zsh'
[1.117s] INFO:colcon.colcon_core.shell:Creating prefix chain script '/home/kunal-jazzy/ROS2_Vision/install/setup.zsh'
