[0.156s] Invoking command in '/home/kunal-jazzy/ROS2_Vision/build/rover_description': CMAKE_PREFIX_PATH=${CMAKE_PREFIX_PATH}:/home/kunal-jazzy/ROS2_Vision/install/rover_control:/home/kunal-jazzy/vision_autonomous_rover/install/rover_control:/opt/ros/jazzy DEBUGINFOD_URLS=https://debuginfod.ubuntu.com /usr/bin/cmake --build /home/kunal-jazzy/ROS2_Vision/build/rover_description -- -j12 -l12
[0.187s] Invoked command in '/home/kunal-jazzy/ROS2_Vision/build/rover_description' returned '0': CMAKE_PREFIX_PATH=${CMAKE_PREFIX_PATH}:/home/kunal-jazzy/ROS2_Vision/install/rover_control:/home/kunal-jazzy/vision_autonomous_rover/install/rover_control:/opt/ros/jazzy DEBUGINFOD_URLS=https://debuginfod.ubuntu.com /usr/bin/cmake --build /home/kunal-jazzy/ROS2_Vision/build/rover_description -- -j12 -l12
[0.187s] Invoking command in '/home/kunal-jazzy/ROS2_Vision/build/rover_description': CMAKE_PREFIX_PATH=${CMAKE_PREFIX_PATH}:/home/kunal-jazzy/ROS2_Vision/install/rover_control:/home/kunal-jazzy/vision_autonomous_rover/install/rover_control:/opt/ros/jazzy DEBUGINFOD_URLS=https://debuginfod.ubuntu.com /usr/bin/cmake --install /home/kunal-jazzy/ROS2_Vision/build/rover_description
[0.193s] -- Install configuration: ""
[0.194s] -- Execute custom install script
[0.194s] -- Up-to-date symlink: /home/kunal-jazzy/ROS2_Vision/install/rover_description/share/rover_description/robot/parts/base/base.urdf.xacro
[0.194s] -- Up-to-date symlink: /home/kunal-jazzy/ROS2_Vision/install/rover_description/share/rover_description/robot/parts/camera/camera.urdf.xacro
[0.194s] -- Up-to-date symlink: /home/kunal-jazzy/ROS2_Vision/install/rover_description/share/rover_description/robot/parts/wheel/wheel.urdf.xacro
[0.194s] -- Up-to-date symlink: /home/kunal-jazzy/ROS2_Vision/install/rover_description/share/rover_description/robot/rover_main.urdf.xacro
[0.194s] -- Up-to-date symlink: /home/kunal-jazzy/ROS2_Vision/install/rover_description/share/rover_description/meshes/STL/base/main_frame.stl
[0.194s] -- Up-to-date symlink: /home/kunal-jazzy/ROS2_Vision/install/rover_description/share/rover_description/meshes/STL/camera/camera.stl
[0.194s] -- Up-to-date symlink: /home/kunal-jazzy/ROS2_Vision/install/rover_description/share/rover_description/meshes/STL/wheel/wheel_left.stl
[0.194s] -- Up-to-date symlink: /home/kunal-jazzy/ROS2_Vision/install/rover_description/share/rover_description/meshes/STL/wheel/wheel_right.stl
[0.195s] -- Up-to-date symlink: /home/kunal-jazzy/ROS2_Vision/install/rover_description/share/ament_index/resource_index/package_run_dependencies/rover_description
[0.195s] -- Up-to-date symlink: /home/kunal-jazzy/ROS2_Vision/install/rover_description/share/ament_index/resource_index/parent_prefix_path/rover_description
[0.195s] -- Up-to-date symlink: /home/kunal-jazzy/ROS2_Vision/install/rover_description/share/rover_description/environment/ament_prefix_path.sh
[0.195s] -- Up-to-date symlink: /home/kunal-jazzy/ROS2_Vision/install/rover_description/share/rover_description/environment/ament_prefix_path.dsv
[0.195s] -- Up-to-date symlink: /home/kunal-jazzy/ROS2_Vision/install/rover_description/share/rover_description/environment/path.sh
[0.195s] -- Up-to-date symlink: /home/kunal-jazzy/ROS2_Vision/install/rover_description/share/rover_description/environment/path.dsv
[0.195s] -- Up-to-date symlink: /home/kunal-jazzy/ROS2_Vision/install/rover_description/share/rover_description/local_setup.bash
[0.195s] -- Up-to-date symlink: /home/kunal-jazzy/ROS2_Vision/install/rover_description/share/rover_description/local_setup.sh
[0.195s] -- Up-to-date symlink: /home/kunal-jazzy/ROS2_Vision/install/rover_description/share/rover_description/local_setup.zsh
[0.195s] -- Up-to-date symlink: /home/kunal-jazzy/ROS2_Vision/install/rover_description/share/rover_description/local_setup.dsv
[0.195s] -- Symlinking: /home/kunal-jazzy/ROS2_Vision/install/rover_description/share/rover_description/package.dsv
[0.202s] -- Up-to-date symlink: /home/kunal-jazzy/ROS2_Vision/install/rover_description/share/ament_index/resource_index/packages/rover_description
[0.202s] -- Up-to-date symlink: /home/kunal-jazzy/ROS2_Vision/install/rover_description/share/rover_description/cmake/rover_descriptionConfig.cmake
[0.202s] -- Up-to-date symlink: /home/kunal-jazzy/ROS2_Vision/install/rover_description/share/rover_description/cmake/rover_descriptionConfig-version.cmake
[0.202s] -- Up-to-date symlink: /home/kunal-jazzy/ROS2_Vision/install/rover_description/share/rover_description/package.xml
[0.204s] Invoked command in '/home/kunal-jazzy/ROS2_Vision/build/rover_description' returned '0': CMAKE_PREFIX_PATH=${CMAKE_PREFIX_PATH}:/home/kunal-jazzy/ROS2_Vision/install/rover_control:/home/kunal-jazzy/vision_autonomous_rover/install/rover_control:/opt/ros/jazzy DEBUGINFOD_URLS=https://debuginfod.ubuntu.com /usr/bin/cmake --install /home/kunal-jazzy/ROS2_Vision/build/rover_description
