[0.123s] DEBUG:colcon:Command line arguments: ['/usr/bin/colcon', 'list', '-p', '--base-paths', '/home/kunal-jazzy/ROS2_Vision', '--log-base', '/dev/null']
[0.123s] DEBUG:colcon:Parsed command line arguments: Namespace(log_base=None, log_level=None, verb_name='list', build_base='build', ignore_user_meta=False, metas=['./colcon.meta'], base_paths=['/home/kunal-jazzy/ROS2_Vision', '--log-base', '/dev/null'], packages_ignore=None, packages_ignore_regex=None, paths=None, packages_up_to=None, packages_up_to_regex=None, packages_above=None, packages_above_and_dependencies=None, packages_above_depth=None, packages_select_by_dep=None, packages_skip_by_dep=None, packages_skip_up_to=None, packages_select_build_failed=False, packages_skip_build_finished=False, packages_select_test_failures=False, packages_skip_test_passed=False, packages_select=None, packages_skip=None, packages_select_regex=None, packages_skip_regex=None, packages_start=None, packages_end=None, allow_overriding=[], topological_order=False, names_only=False, paths_only=True, topological_graph=False, topological_graph_dot=False, topological_graph_density=False, topological_graph_legend=False, topological_graph_dot_cluster=False, topological_graph_dot_include_skipped=False, mixin_files=None, mixin=None, verb_parser=<colcon_mixin.mixin.mixin_argument.MixinArgumentDecorator object at 0x70d8e28ab320>, verb_extension=<colcon_package_information.verb.list.ListVerb object at 0x70d8e3548ec0>, main=<bound method ListVerb.main of <colcon_package_information.verb.list.ListVerb object at 0x70d8e3548ec0>>, mixin_verb=('list',))
[0.174s] Level 1:colcon.colcon_core.package_discovery:discover_packages(colcon_meta) check parameters
[0.174s] Level 1:colcon.colcon_core.package_discovery:discover_packages(recursive) check parameters
[0.174s] Level 1:colcon.colcon_core.package_discovery:discover_packages(ignore) check parameters
[0.175s] Level 1:colcon.colcon_core.package_discovery:discover_packages(path) check parameters
[0.175s] Level 1:colcon.colcon_core.package_discovery:discover_packages(recursive) discover
[0.175s] INFO:colcon.colcon_core.package_discovery:Crawling recursively for packages in '/home/kunal-jazzy/ROS2_Vision', '/home/kunal-jazzy/ROS2_Vision/--log-base', '/dev/null'
[0.175s] Level 1:colcon.colcon_core.package_identification:_identify(/home/kunal-jazzy/ROS2_Vision) by extensions ['ignore', 'ignore_ament_install']
[0.175s] Level 1:colcon.colcon_core.package_identification:_identify(/home/kunal-jazzy/ROS2_Vision) by extension 'ignore'
[0.175s] Level 1:colcon.colcon_core.package_identification:_identify(/home/kunal-jazzy/ROS2_Vision) by extension 'ignore_ament_install'
[0.175s] Level 1:colcon.colcon_core.package_identification:_identify(/home/kunal-jazzy/ROS2_Vision) by extensions ['colcon_pkg']
[0.175s] Level 1:colcon.colcon_core.package_identification:_identify(/home/kunal-jazzy/ROS2_Vision) by extension 'colcon_pkg'
[0.175s] Level 1:colcon.colcon_core.package_identification:_identify(/home/kunal-jazzy/ROS2_Vision) by extensions ['colcon_meta']
[0.175s] Level 1:colcon.colcon_core.package_identification:_identify(/home/kunal-jazzy/ROS2_Vision) by extension 'colcon_meta'
[0.175s] Level 1:colcon.colcon_core.package_identification:_identify(/home/kunal-jazzy/ROS2_Vision) by extensions ['ros']
[0.175s] Level 1:colcon.colcon_core.package_identification:_identify(/home/kunal-jazzy/ROS2_Vision) by extension 'ros'
[0.210s] Level 1:colcon.colcon_core.package_identification:_identify(/home/kunal-jazzy/ROS2_Vision) by extensions ['cmake', 'python']
[0.210s] Level 1:colcon.colcon_core.package_identification:_identify(/home/kunal-jazzy/ROS2_Vision) by extension 'cmake'
[0.211s] Level 1:colcon.colcon_core.package_identification:_identify(/home/kunal-jazzy/ROS2_Vision) by extension 'python'
[0.211s] Level 1:colcon.colcon_core.package_identification:_identify(/home/kunal-jazzy/ROS2_Vision) by extensions ['python_setup_py']
[0.211s] Level 1:colcon.colcon_core.package_identification:_identify(/home/kunal-jazzy/ROS2_Vision) by extension 'python_setup_py'
[0.211s] Level 1:colcon.colcon_core.package_identification:_identify(/home/kunal-jazzy/ROS2_Vision/build) by extensions ['ignore', 'ignore_ament_install']
[0.211s] Level 1:colcon.colcon_core.package_identification:_identify(/home/kunal-jazzy/ROS2_Vision/build) by extension 'ignore'
[0.211s] Level 1:colcon.colcon_core.package_identification:_identify(/home/kunal-jazzy/ROS2_Vision/build) ignored
[0.211s] Level 1:colcon.colcon_core.package_identification:_identify(/home/kunal-jazzy/ROS2_Vision/install) by extensions ['ignore', 'ignore_ament_install']
[0.211s] Level 1:colcon.colcon_core.package_identification:_identify(/home/kunal-jazzy/ROS2_Vision/install) by extension 'ignore'
[0.211s] Level 1:colcon.colcon_core.package_identification:_identify(/home/kunal-jazzy/ROS2_Vision/install) ignored
[0.212s] Level 1:colcon.colcon_core.package_identification:_identify(/home/kunal-jazzy/ROS2_Vision/log) by extensions ['ignore', 'ignore_ament_install']
[0.212s] Level 1:colcon.colcon_core.package_identification:_identify(/home/kunal-jazzy/ROS2_Vision/log) by extension 'ignore'
[0.212s] Level 1:colcon.colcon_core.package_identification:_identify(/home/kunal-jazzy/ROS2_Vision/log) ignored
[0.212s] Level 1:colcon.colcon_core.package_identification:_identify(/home/kunal-jazzy/ROS2_Vision/src) by extensions ['ignore', 'ignore_ament_install']
[0.212s] Level 1:colcon.colcon_core.package_identification:_identify(/home/kunal-jazzy/ROS2_Vision/src) by extension 'ignore'
[0.212s] Level 1:colcon.colcon_core.package_identification:_identify(/home/kunal-jazzy/ROS2_Vision/src) by extension 'ignore_ament_install'
[0.212s] Level 1:colcon.colcon_core.package_identification:_identify(/home/kunal-jazzy/ROS2_Vision/src) by extensions ['colcon_pkg']
[0.212s] Level 1:colcon.colcon_core.package_identification:_identify(/home/kunal-jazzy/ROS2_Vision/src) by extension 'colcon_pkg'
[0.212s] Level 1:colcon.colcon_core.package_identification:_identify(/home/kunal-jazzy/ROS2_Vision/src) by extensions ['colcon_meta']
[0.212s] Level 1:colcon.colcon_core.package_identification:_identify(/home/kunal-jazzy/ROS2_Vision/src) by extension 'colcon_meta'
[0.212s] Level 1:colcon.colcon_core.package_identification:_identify(/home/kunal-jazzy/ROS2_Vision/src) by extensions ['ros']
[0.212s] Level 1:colcon.colcon_core.package_identification:_identify(/home/kunal-jazzy/ROS2_Vision/src) by extension 'ros'
[0.212s] Level 1:colcon.colcon_core.package_identification:_identify(/home/kunal-jazzy/ROS2_Vision/src) by extensions ['cmake', 'python']
[0.212s] Level 1:colcon.colcon_core.package_identification:_identify(/home/kunal-jazzy/ROS2_Vision/src) by extension 'cmake'
[0.212s] Level 1:colcon.colcon_core.package_identification:_identify(/home/kunal-jazzy/ROS2_Vision/src) by extension 'python'
[0.212s] Level 1:colcon.colcon_core.package_identification:_identify(/home/kunal-jazzy/ROS2_Vision/src) by extensions ['python_setup_py']
[0.212s] Level 1:colcon.colcon_core.package_identification:_identify(/home/kunal-jazzy/ROS2_Vision/src) by extension 'python_setup_py'
[0.213s] Level 1:colcon.colcon_core.package_identification:_identify(/home/kunal-jazzy/ROS2_Vision/src/log) by extensions ['ignore', 'ignore_ament_install']
[0.213s] Level 1:colcon.colcon_core.package_identification:_identify(/home/kunal-jazzy/ROS2_Vision/src/log) by extension 'ignore'
[0.213s] Level 1:colcon.colcon_core.package_identification:_identify(/home/kunal-jazzy/ROS2_Vision/src/log) ignored
[0.213s] Level 1:colcon.colcon_core.package_identification:_identify(/home/kunal-jazzy/ROS2_Vision/src/rover_control) by extensions ['ignore', 'ignore_ament_install']
[0.213s] Level 1:colcon.colcon_core.package_identification:_identify(/home/kunal-jazzy/ROS2_Vision/src/rover_control) by extension 'ignore'
[0.213s] Level 1:colcon.colcon_core.package_identification:_identify(/home/kunal-jazzy/ROS2_Vision/src/rover_control) by extension 'ignore_ament_install'
[0.213s] Level 1:colcon.colcon_core.package_identification:_identify(/home/kunal-jazzy/ROS2_Vision/src/rover_control) by extensions ['colcon_pkg']
[0.213s] Level 1:colcon.colcon_core.package_identification:_identify(/home/kunal-jazzy/ROS2_Vision/src/rover_control) by extension 'colcon_pkg'
[0.213s] Level 1:colcon.colcon_core.package_identification:_identify(/home/kunal-jazzy/ROS2_Vision/src/rover_control) by extensions ['colcon_meta']
[0.213s] Level 1:colcon.colcon_core.package_identification:_identify(/home/kunal-jazzy/ROS2_Vision/src/rover_control) by extension 'colcon_meta'
[0.213s] Level 1:colcon.colcon_core.package_identification:_identify(/home/kunal-jazzy/ROS2_Vision/src/rover_control) by extensions ['ros']
[0.213s] Level 1:colcon.colcon_core.package_identification:_identify(/home/kunal-jazzy/ROS2_Vision/src/rover_control) by extension 'ros'
[0.218s] DEBUG:colcon.colcon_core.package_identification:Package '/home/kunal-jazzy/ROS2_Vision/src/rover_control' with type 'ros.ament_python' and name 'rover_control'
[0.218s] Level 1:colcon.colcon_core.package_discovery:discover_packages(recursive) using defaults
